2015-03-11T15:37:51.660Z - info: Client instantiated
2015-03-11T15:37:51.660Z - info: Initializing client
2015-03-11T15:37:51.660Z - info: Socket created
2015-03-11T15:38:25.144Z - info: Client instantiated
2015-03-11T15:38:25.144Z - info: Initializing client
2015-03-11T15:38:25.145Z - info: Socket created
2015-03-11T15:38:25.145Z - info: Port: 3323
2015-03-11T15:38:25.145Z - info: Host: localhost
2015-03-11T15:38:25.146Z - info: Transport Format: json
2015-03-11T15:38:25.146Z - info: Return Format: js
2015-03-11T15:38:25.146Z - info: Consumer Callbacks: { onConnect: null,
  onData: [Function: brokerConsumerDataCb],
  onEnd: null,
  onTimeout: null,
  onDrain: null,
  onError: null,
  onClose: null }
2015-03-11T15:38:25.146Z - info: Connecting to localhost:3323
2015-03-11T15:38:25.147Z - info: Subscribing /sapo/broker/dev/test_node as TOPIC, Acknowledge Mode is null
2015-03-11T16:38:52.777Z - info: Client instantiated
2015-03-11T16:38:52.778Z - info: Initializing client
2015-03-11T16:38:52.778Z - info: Socket created
2015-03-11T16:38:52.778Z - info: Port: 3323
2015-03-11T16:38:52.778Z - info: Host: localhost
2015-03-11T16:38:52.779Z - info: Transport Format: json
2015-03-11T16:38:52.779Z - info: Return Format: js
2015-03-11T16:38:52.780Z - info: Consumer Callbacks: { onConnect: null,
  onData: [Function: brokerConsumerDataCb],
  onEnd: null,
  onTimeout: null,
  onDrain: null,
  onError: null,
  onClose: null }
2015-03-11T16:38:52.780Z - info: Connecting to localhost:3323
2015-03-11T16:38:52.780Z - info: Subscribing /sapo/broker/dev/test_node as TOPIC, Acknowledge Mode is null
2015-03-11T17:02:35.777Z - info: Client instantiated
2015-03-11T17:02:35.778Z - info: Initializing client
2015-03-11T17:02:35.778Z - info: Socket created
2015-03-11T17:02:35.779Z - info: Port: 3323
2015-03-11T17:02:35.779Z - info: Host: localhost
2015-03-11T17:02:35.789Z - info: Transport Format: json
2015-03-11T17:02:35.789Z - info: Return Format: js
2015-03-11T17:02:35.790Z - info: Consumer Callbacks: { onConnect: null,
  onData: [Function: brokerConsumerDataCb],
  onEnd: null,
  onTimeout: null,
  onDrain: null,
  onError: null,
  onClose: null }
2015-03-11T17:02:35.790Z - info: Connecting to localhost:3323
2015-03-11T17:02:35.791Z - info: Subscribing /sapo/broker/dev/test_node as TOPIC, Acknowledge Mode is null
2015-03-11T17:04:54.888Z - info: Client instantiated
2015-03-11T17:04:54.889Z - info: Initializing client
2015-03-11T17:04:54.889Z - info: Socket created
2015-03-11T17:04:54.889Z - info: Port: 3323
2015-03-11T17:04:54.889Z - info: Host: localhost
2015-03-11T17:04:54.890Z - info: Transport Format: json
2015-03-11T17:04:54.890Z - info: Return Format: json
2015-03-11T17:04:54.890Z - info: Consumer Callbacks: { onConnect: null,
  onData: [Function: brokerConsumerDataCb],
  onEnd: null,
  onTimeout: null,
  onDrain: null,
  onError: null,
  onClose: null }
2015-03-11T17:04:54.890Z - info: Connecting to localhost:3323
2015-03-11T17:04:54.891Z - info: Subscribing /sapo/broker/dev/test_node as TOPIC, Acknowledge Mode is null
2015-03-11T17:19:44.025Z - info: Client instantiated
2015-03-11T17:19:44.026Z - info: Initializing client
2015-03-11T17:19:44.026Z - info: Socket created
2015-03-11T17:19:44.027Z - info: Port: 3323
2015-03-11T17:19:44.027Z - info: Host: localhost
2015-03-11T17:19:44.028Z - info: Transport Format: json
2015-03-11T17:19:44.028Z - info: Return Format: json
2015-03-11T17:19:44.029Z - info: Consumer Callbacks: { onConnect: null,
  onData: [Function: brokerConsumerDataCb],
  onEnd: null,
  onTimeout: null,
  onDrain: null,
  onError: null,
  onClose: null }
2015-03-11T17:19:44.029Z - info: Connecting to localhost:3323
2015-03-11T17:19:44.030Z - info: Subscribing /sapo/broker/dev/test_node as TOPIC, Acknowledge Mode is null
2015-03-11T17:20:23.880Z - info: Client instantiated
2015-03-11T17:20:23.881Z - info: Initializing client
2015-03-11T17:20:23.881Z - info: Socket created
2015-03-11T17:20:23.882Z - info: Port: 3323
2015-03-11T17:20:23.882Z - info: Host: localhost
2015-03-11T17:20:23.882Z - info: Transport Format: json
2015-03-11T17:20:23.882Z - info: Return Format: json
2015-03-11T17:20:23.883Z - info: Consumer Callbacks: { onConnect: null,
  onData: [Function: brokerConsumerDataCb],
  onEnd: null,
  onTimeout: null,
  onDrain: null,
  onError: null,
  onClose: null }
2015-03-11T17:20:23.883Z - info: Connecting to localhost:3323
2015-03-11T17:20:23.884Z - info: Subscribing /sapo/broker/dev/test_node as TOPIC, Acknowledge Mode is null
2015-03-11T17:20:26.393Z - info: Client instantiated
2015-03-11T17:20:26.393Z - info: Initializing client
2015-03-11T17:20:26.394Z - info: Socket created
2015-03-11T17:20:26.394Z - info: Port: 3323
2015-03-11T17:20:26.394Z - info: Host: localhost
2015-03-11T17:20:26.394Z - info: Transport Format: json
2015-03-11T17:20:26.394Z - info: Return Format: json
2015-03-11T17:20:26.395Z - info: Consumer Callbacks: { onConnect: null,
  onData: [Function: brokerConsumerDataCb],
  onEnd: null,
  onTimeout: null,
  onDrain: null,
  onError: null,
  onClose: null }
2015-03-11T17:20:26.395Z - info: Connecting to localhost:3323
2015-03-11T17:20:26.396Z - info: Subscribing /sapo/broker/dev/test_node as TOPIC, Acknowledge Mode is null
2015-03-11T17:20:28.594Z - info: Client instantiated
2015-03-11T17:20:28.594Z - info: Initializing client
2015-03-11T17:20:28.594Z - info: Socket created
2015-03-11T17:20:28.595Z - info: Port: 3323
2015-03-11T17:20:28.595Z - info: Host: localhost
2015-03-11T17:20:28.595Z - info: Transport Format: json
2015-03-11T17:20:28.595Z - info: Return Format: json
2015-03-11T17:20:28.596Z - info: Consumer Callbacks: { onConnect: null,
  onData: [Function: brokerConsumerDataCb],
  onEnd: null,
  onTimeout: null,
  onDrain: null,
  onError: null,
  onClose: null }
2015-03-11T17:20:28.596Z - info: Connecting to localhost:3323
2015-03-11T17:20:28.597Z - info: Subscribing /sapo/broker/dev/test_node as TOPIC, Acknowledge Mode is null
2015-03-11T17:20:30.039Z - info: Client instantiated
2015-03-11T17:20:30.040Z - info: Initializing client
2015-03-11T17:20:30.040Z - info: Socket created
2015-03-11T17:20:30.041Z - info: Port: 3323
2015-03-11T17:20:30.041Z - info: Host: localhost
2015-03-11T17:20:30.041Z - info: Transport Format: json
2015-03-11T17:20:30.041Z - info: Return Format: json
2015-03-11T17:20:30.042Z - info: Consumer Callbacks: { onConnect: null,
  onData: [Function: brokerConsumerDataCb],
  onEnd: null,
  onTimeout: null,
  onDrain: null,
  onError: null,
  onClose: null }
2015-03-11T17:20:30.042Z - info: Connecting to localhost:3323
2015-03-11T17:20:30.043Z - info: Subscribing /sapo/broker/dev/test_node as TOPIC, Acknowledge Mode is null
2015-03-11T17:20:31.384Z - info: Client instantiated
2015-03-11T17:20:31.385Z - info: Initializing client
2015-03-11T17:20:31.385Z - info: Socket created
2015-03-11T17:20:31.386Z - info: Port: 3323
2015-03-11T17:20:31.386Z - info: Host: localhost
2015-03-11T17:20:31.386Z - info: Transport Format: json
2015-03-11T17:20:31.386Z - info: Return Format: json
2015-03-11T17:20:31.387Z - info: Consumer Callbacks: { onConnect: null,
  onData: [Function: brokerConsumerDataCb],
  onEnd: null,
  onTimeout: null,
  onDrain: null,
  onError: null,
  onClose: null }
2015-03-11T17:20:31.387Z - info: Connecting to localhost:3323
2015-03-11T17:20:31.388Z - info: Subscribing /sapo/broker/dev/test_node as TOPIC, Acknowledge Mode is null
2015-03-11T17:20:33.130Z - info: Client instantiated
2015-03-11T17:20:33.131Z - info: Initializing client
2015-03-11T17:20:33.131Z - info: Socket created
2015-03-11T17:20:33.131Z - info: Port: 3323
2015-03-11T17:20:33.131Z - info: Host: localhost
2015-03-11T17:20:33.132Z - info: Transport Format: json
2015-03-11T17:20:33.132Z - info: Return Format: json
2015-03-11T17:20:33.133Z - info: Consumer Callbacks: { onConnect: null,
  onData: [Function: brokerConsumerDataCb],
  onEnd: null,
  onTimeout: null,
  onDrain: null,
  onError: null,
  onClose: null }
2015-03-11T17:20:33.133Z - info: Connecting to localhost:3323
2015-03-11T17:20:33.133Z - info: Subscribing /sapo/broker/dev/test_node as TOPIC, Acknowledge Mode is null
2015-03-11T17:20:34.144Z - info: Client instantiated
2015-03-11T17:20:34.145Z - info: Initializing client
2015-03-11T17:20:34.145Z - info: Socket created
2015-03-11T17:20:34.145Z - info: Port: 3323
2015-03-11T17:20:34.145Z - info: Host: localhost
2015-03-11T17:20:34.146Z - info: Transport Format: json
2015-03-11T17:20:34.146Z - info: Return Format: json
2015-03-11T17:20:34.147Z - info: Consumer Callbacks: { onConnect: null,
  onData: [Function: brokerConsumerDataCb],
  onEnd: null,
  onTimeout: null,
  onDrain: null,
  onError: null,
  onClose: null }
2015-03-11T17:20:34.147Z - info: Connecting to localhost:3323
2015-03-11T17:20:34.147Z - info: Subscribing /sapo/broker/dev/test_node as TOPIC, Acknowledge Mode is null
2015-03-11T17:20:34.872Z - info: Client instantiated
2015-03-11T17:20:34.873Z - info: Initializing client
2015-03-11T17:20:34.873Z - info: Socket created
2015-03-11T17:20:34.874Z - info: Port: 3323
2015-03-11T17:20:34.874Z - info: Host: localhost
2015-03-11T17:20:34.874Z - info: Transport Format: json
2015-03-11T17:20:34.874Z - info: Return Format: json
2015-03-11T17:20:34.875Z - info: Consumer Callbacks: { onConnect: null,
  onData: [Function: brokerConsumerDataCb],
  onEnd: null,
  onTimeout: null,
  onDrain: null,
  onError: null,
  onClose: null }
2015-03-11T17:20:34.875Z - info: Connecting to localhost:3323
2015-03-11T17:20:34.876Z - info: Subscribing /sapo/broker/dev/test_node as TOPIC, Acknowledge Mode is null
2015-03-11T17:20:38.153Z - info: Client instantiated
2015-03-11T17:20:38.153Z - info: Initializing client
2015-03-11T17:20:38.153Z - info: Socket created
2015-03-11T17:20:38.154Z - info: Port: 3323
2015-03-11T17:20:38.154Z - info: Host: localhost
2015-03-11T17:20:38.154Z - info: Transport Format: json
2015-03-11T17:20:38.154Z - info: Return Format: json
2015-03-11T17:20:38.155Z - info: Consumer Callbacks: { onConnect: null,
  onData: [Function: brokerConsumerDataCb],
  onEnd: null,
  onTimeout: null,
  onDrain: null,
  onError: null,
  onClose: null }
2015-03-11T17:20:38.155Z - info: Connecting to localhost:3323
2015-03-11T17:20:38.156Z - info: Subscribing /sapo/broker/dev/test_node as TOPIC, Acknowledge Mode is null
2015-03-11T17:21:31.553Z - info: Client instantiated
2015-03-11T17:21:31.553Z - info: Initializing client
2015-03-11T17:21:31.554Z - info: Socket created
2015-03-11T17:21:31.554Z - info: Port: 3323
2015-03-11T17:21:31.554Z - info: Host: localhost
2015-03-11T17:21:31.555Z - info: Transport Format: json
2015-03-11T17:21:31.555Z - info: Return Format: json
2015-03-11T17:21:31.556Z - info: Consumer Callbacks: { onConnect: null,
  onData: [Function: brokerConsumerDataCb],
  onEnd: null,
  onTimeout: null,
  onDrain: null,
  onError: null,
  onClose: null }
2015-03-11T17:21:31.556Z - info: Connecting to localhost:3323
2015-03-11T17:21:31.556Z - info: Subscribing /sapo/broker/dev/test_node as TOPIC, Acknowledge Mode is null
2015-03-11T17:22:09.201Z - info: Client instantiated
2015-03-11T17:22:09.202Z - info: Initializing client
2015-03-11T17:22:09.202Z - info: Socket created
2015-03-11T17:22:09.203Z - info: Port: 3323
2015-03-11T17:22:09.203Z - info: Host: localhost
2015-03-11T17:22:09.203Z - info: Transport Format: json
2015-03-11T17:22:09.203Z - info: Return Format: json
2015-03-11T17:22:09.204Z - info: Consumer Callbacks: { onConnect: null,
  onData: [Function: brokerConsumerDataCb],
  onEnd: null,
  onTimeout: null,
  onDrain: null,
  onError: null,
  onClose: null }
2015-03-11T17:22:09.204Z - info: Connecting to localhost:3323
2015-03-11T17:22:09.205Z - info: Subscribing /sapo/broker/dev/test_node as TOPIC, Acknowledge Mode is null
2015-03-11T17:46:05.953Z - info: Client instantiated
2015-03-11T17:46:05.954Z - info: Initializing client
2015-03-11T17:46:05.954Z - info: Socket created
2015-03-11T17:46:05.954Z - info: Port: 3323
2015-03-11T17:46:05.955Z - info: Host: localhost
2015-03-11T17:46:05.955Z - info: Transport Format: json
2015-03-11T17:46:05.955Z - info: Return Format: json
2015-03-11T17:46:05.956Z - info: Consumer Callbacks: { onConnect: null,
  onData: [Function: brokerConsumerDataCb],
  onEnd: null,
  onTimeout: null,
  onDrain: null,
  onError: null,
  onClose: null }
2015-03-11T17:46:05.956Z - info: Connecting to localhost:3323
2015-03-11T17:46:05.956Z - info: Subscribing /sapo/broker/dev/test_node as TOPIC, Acknowledge Mode is null
2015-03-11T17:46:43.321Z - info: Client instantiated
2015-03-11T17:46:43.323Z - info: Initializing client
2015-03-11T17:46:43.323Z - info: Socket created
2015-03-11T17:46:43.324Z - info: Port: 3323
2015-03-11T17:46:43.324Z - info: Host: localhost
2015-03-11T17:46:43.324Z - info: Transport Format: json
2015-03-11T17:46:43.324Z - info: Return Format: json
2015-03-11T17:46:43.325Z - info: Consumer Callbacks: { onConnect: null,
  onData: [Function: brokerConsumerDataCb],
  onEnd: null,
  onTimeout: null,
  onDrain: null,
  onError: null,
  onClose: null }
2015-03-11T17:46:43.325Z - info: Connecting to localhost:3323
2015-03-11T17:46:43.326Z - info: Subscribing /sapo/broker/dev/test_node as TOPIC, Acknowledge Mode is null
2015-03-12T10:18:45.114Z - info: Client instantiated
2015-03-12T10:18:45.115Z - info: Initializing client
2015-03-12T10:18:45.115Z - info: Socket created
2015-03-12T10:18:45.116Z - info: Port: 3323
2015-03-12T10:18:45.116Z - info: Host: localhost
2015-03-12T10:18:45.116Z - info: Transport Format: json
2015-03-12T10:18:45.116Z - info: Return Format: json
2015-03-12T10:18:45.117Z - info: Consumer Callbacks: { onConnect: null,
  onData: [Function: brokerConsumerDataCb],
  onEnd: null,
  onTimeout: null,
  onDrain: null,
  onError: null,
  onClose: null }
2015-03-12T10:18:45.117Z - info: Connecting to localhost:3323
2015-03-12T10:18:45.117Z - info: Subscribing /sapo/broker/dev/test_node as TOPIC, Acknowledge Mode is null
2015-03-12T10:40:32.212Z - info: Client instantiated
2015-03-12T10:40:32.213Z - info: Initializing client
2015-03-12T10:40:32.213Z - info: Socket created
2015-03-12T10:40:32.213Z - info: Port: 3323
2015-03-12T10:40:32.213Z - info: Host: localhost
2015-03-12T10:40:32.214Z - info: Transport Format: json
2015-03-12T10:40:32.214Z - info: Return Format: json
2015-03-12T10:40:32.214Z - info: Consumer Callbacks: { onConnect: null,
  onData: [Function: brokerConsumerDataCb],
  onEnd: null,
  onTimeout: null,
  onDrain: null,
  onError: null,
  onClose: null }
2015-03-12T10:40:32.214Z - info: Connecting to localhost:3323
2015-03-12T10:40:32.215Z - info: Subscribing /sapo/broker/dev/test_node as TOPIC, Acknowledge Mode is null
2015-03-12T10:49:37.526Z - info: Client instantiated
2015-03-12T10:49:37.526Z - info: Initializing client
2015-03-12T10:49:37.527Z - info: Socket created
2015-03-12T10:49:37.527Z - info: Port: 3323
2015-03-12T10:49:37.527Z - info: Host: localhost
2015-03-12T10:49:37.528Z - info: Transport Format: json
2015-03-12T10:49:37.528Z - info: Return Format: json
2015-03-12T10:49:37.528Z - info: Consumer Callbacks: { onConnect: null,
  onData: [Function: brokerConsumerDataCb],
  onEnd: null,
  onTimeout: null,
  onDrain: null,
  onError: null,
  onClose: null }
2015-03-12T10:49:37.528Z - info: Connecting to localhost:3323
2015-03-12T10:49:37.529Z - info: Subscribing /sapo/broker/dev/test_node as TOPIC, Acknowledge Mode is null
2015-03-12T11:05:09.262Z - info: Client instantiated
2015-03-12T11:05:09.263Z - info: Initializing client
2015-03-12T11:05:09.263Z - info: Socket created
2015-03-12T11:05:09.264Z - info: Port: 3323
2015-03-12T11:05:09.264Z - info: Host: localhost
2015-03-12T11:05:09.274Z - info: Transport Format: json
2015-03-12T11:05:09.274Z - info: Return Format: json
2015-03-12T11:05:09.275Z - info: Consumer Callbacks: { onConnect: null,
  onData: [Function: brokerConsumerDataCb],
  onEnd: null,
  onTimeout: null,
  onDrain: null,
  onError: null,
  onClose: null }
2015-03-12T11:05:09.276Z - info: Connecting to localhost:3323
2015-03-12T11:05:09.276Z - info: Subscribing /sapo/broker/dev/test_node as TOPIC, Acknowledge Mode is null
2015-03-12T11:08:33.508Z - info: Client instantiated
2015-03-12T11:08:33.509Z - info: Initializing client
2015-03-12T11:08:33.509Z - info: Socket created
2015-03-12T11:08:33.510Z - info: Port: 3323
2015-03-12T11:08:33.510Z - info: Host: localhost
2015-03-12T11:08:33.510Z - info: Transport Format: json
2015-03-12T11:08:33.510Z - info: Return Format: json
2015-03-12T11:08:33.511Z - info: Consumer Callbacks: { onConnect: null,
  onData: [Function: brokerConsumerDataCb],
  onEnd: null,
  onTimeout: null,
  onDrain: null,
  onError: null,
  onClose: null }
2015-03-12T11:08:33.511Z - info: Connecting to localhost:3323
2015-03-12T11:08:33.512Z - info: Subscribing /sapo/broker/dev/test_node as TOPIC, Acknowledge Mode is null
2015-03-12T11:09:13.615Z - info: Client instantiated
2015-03-12T11:09:13.615Z - info: Initializing client
2015-03-12T11:09:13.615Z - info: Socket created
2015-03-12T11:09:13.616Z - info: Port: 3323
2015-03-12T11:09:13.616Z - info: Host: localhost
2015-03-12T11:09:13.616Z - info: Transport Format: json
2015-03-12T11:09:13.616Z - info: Return Format: json
2015-03-12T11:09:13.617Z - info: Consumer Callbacks: { onConnect: null,
  onData: [Function: brokerConsumerDataCb],
  onEnd: null,
  onTimeout: null,
  onDrain: null,
  onError: null,
  onClose: null }
2015-03-12T11:09:13.617Z - info: Connecting to localhost:3323
2015-03-12T11:09:13.618Z - info: Subscribing /sapo/broker/dev/test_node as TOPIC, Acknowledge Mode is null
2015-03-12T11:12:59.941Z - info: Client instantiated
2015-03-12T11:12:59.942Z - info: Initializing client
2015-03-12T11:12:59.942Z - info: Socket created
2015-03-12T11:12:59.942Z - info: Port: 3323
2015-03-12T11:12:59.942Z - info: Host: localhost
2015-03-12T11:12:59.943Z - info: Transport Format: json
2015-03-12T11:12:59.943Z - info: Return Format: json
2015-03-12T11:12:59.944Z - info: Consumer Callbacks: { onConnect: null,
  onData: [Function: brokerConsumerDataCb],
  onEnd: null,
  onTimeout: null,
  onDrain: null,
  onError: null,
  onClose: null }
2015-03-12T11:12:59.944Z - info: Connecting to localhost:3323
2015-03-12T11:12:59.944Z - info: Subscribing /sapo/broker/dev/test_node as TOPIC, Acknowledge Mode is null
2015-03-12T11:39:06.758Z - info: Client instantiated
2015-03-12T11:39:06.758Z - info: Initializing client
2015-03-12T11:39:06.758Z - info: Socket created
2015-03-12T11:39:06.759Z - info: Port: 3323
2015-03-12T11:39:06.759Z - info: Host: localhost
2015-03-12T11:39:06.759Z - info: Transport Format: json
2015-03-12T11:39:06.759Z - info: Return Format: json
2015-03-12T11:39:06.760Z - info: Consumer Callbacks: { onConnect: null,
  onData: [Function: brokerConsumerDataCb],
  onEnd: null,
  onTimeout: null,
  onDrain: null,
  onError: null,
  onClose: null }
2015-03-12T11:39:06.760Z - info: Connecting to localhost:3323
2015-03-12T11:39:06.761Z - info: Subscribing /sapo/broker/dev/test_node as TOPIC, Acknowledge Mode is null
2015-03-12T11:39:11.639Z - info: Client instantiated
2015-03-12T11:39:11.639Z - info: Initializing client
2015-03-12T11:39:11.639Z - info: Socket created
2015-03-12T11:39:11.640Z - info: Port: 3323
2015-03-12T11:39:11.640Z - info: Host: localhost
2015-03-12T11:39:11.640Z - info: Transport Format: json
2015-03-12T11:39:11.640Z - info: Return Format: json
2015-03-12T11:39:11.641Z - info: Consumer Callbacks: { onConnect: null,
  onData: [Function: brokerConsumerDataCb],
  onEnd: null,
  onTimeout: null,
  onDrain: null,
  onError: null,
  onClose: null }
2015-03-12T11:39:11.641Z - info: Connecting to localhost:3323
2015-03-12T11:39:11.642Z - info: Subscribing /sapo/broker/dev/test_node as TOPIC, Acknowledge Mode is null
2015-03-12T11:39:14.928Z - info: Client instantiated
2015-03-12T11:39:14.929Z - info: Initializing client
2015-03-12T11:39:14.929Z - info: Socket created
2015-03-12T11:39:14.930Z - info: Port: 3323
2015-03-12T11:39:14.930Z - info: Host: localhost
2015-03-12T11:39:14.930Z - info: Transport Format: json
2015-03-12T11:39:14.931Z - info: Return Format: json
2015-03-12T11:39:14.931Z - info: Consumer Callbacks: { onConnect: null,
  onData: [Function: brokerConsumerDataCb],
  onEnd: null,
  onTimeout: null,
  onDrain: null,
  onError: null,
  onClose: null }
2015-03-12T11:39:14.931Z - info: Connecting to localhost:3323
2015-03-12T11:39:14.932Z - info: Subscribing /sapo/broker/dev/test_node as TOPIC, Acknowledge Mode is null
2015-03-12T11:40:03.649Z - info: Client instantiated
2015-03-12T11:40:03.650Z - info: Initializing client
2015-03-12T11:40:03.650Z - info: Socket created
2015-03-12T11:40:03.651Z - info: Port: 3323
2015-03-12T11:40:03.651Z - info: Host: localhost
2015-03-12T11:40:03.651Z - info: Transport Format: json
2015-03-12T11:40:03.651Z - info: Return Format: json
2015-03-12T11:40:03.652Z - info: Consumer Callbacks: { onConnect: null,
  onData: [Function: brokerConsumerDataCb],
  onEnd: null,
  onTimeout: null,
  onDrain: null,
  onError: null,
  onClose: null }
2015-03-12T11:40:03.652Z - info: Connecting to localhost:3323
2015-03-12T11:40:03.653Z - info: Subscribing /sapo/broker/dev/test_node as TOPIC, Acknowledge Mode is null
2015-03-12T11:40:27.001Z - info: Client instantiated
2015-03-12T11:40:27.001Z - info: Initializing client
2015-03-12T11:40:27.002Z - info: Socket created
2015-03-12T11:40:27.002Z - info: Port: 3323
2015-03-12T11:40:27.002Z - info: Host: localhost
2015-03-12T11:40:27.003Z - info: Transport Format: json
2015-03-12T11:40:27.003Z - info: Return Format: json
2015-03-12T11:40:27.003Z - info: Consumer Callbacks: { onConnect: null,
  onData: [Function: brokerConsumerDataCb],
  onEnd: null,
  onTimeout: null,
  onDrain: null,
  onError: null,
  onClose: null }
2015-03-12T11:40:27.004Z - info: Connecting to localhost:3323
2015-03-12T11:40:27.004Z - info: Subscribing /sapo/broker/dev/test_node as TOPIC, Acknowledge Mode is null
2015-03-12T11:40:46.504Z - info: Client instantiated
2015-03-12T11:40:46.505Z - info: Initializing client
2015-03-12T11:40:46.505Z - info: Socket created
2015-03-12T11:40:46.506Z - info: Port: 3323
2015-03-12T11:40:46.506Z - info: Host: localhost
2015-03-12T11:40:46.506Z - info: Transport Format: json
2015-03-12T11:40:46.506Z - info: Return Format: json
2015-03-12T11:40:46.507Z - info: Consumer Callbacks: { onConnect: null,
  onData: [Function: brokerConsumerDataCb],
  onEnd: null,
  onTimeout: null,
  onDrain: null,
  onError: null,
  onClose: null }
2015-03-12T11:40:46.507Z - info: Connecting to localhost:3323
2015-03-12T11:40:46.508Z - info: Subscribing /sapo/broker/dev/test_node as TOPIC, Acknowledge Mode is null
2015-03-12T11:41:07.449Z - info: Client instantiated
2015-03-12T11:41:07.449Z - info: Initializing client
2015-03-12T11:41:07.449Z - info: Socket created
2015-03-12T11:41:07.450Z - info: Port: 3323
2015-03-12T11:41:07.450Z - info: Host: localhost
2015-03-12T11:41:07.450Z - info: Transport Format: json
2015-03-12T11:41:07.450Z - info: Return Format: json
2015-03-12T11:41:07.451Z - info: Consumer Callbacks: { onConnect: null,
  onData: [Function: brokerConsumerDataCb],
  onEnd: null,
  onTimeout: null,
  onDrain: null,
  onError: null,
  onClose: null }
2015-03-12T11:41:07.451Z - info: Connecting to localhost:3323
2015-03-12T11:41:07.452Z - info: Subscribing /sapo/broker/dev/test_node as TOPIC, Acknowledge Mode is null
2015-03-12T11:41:09.576Z - info: Client instantiated
2015-03-12T11:41:09.576Z - info: Initializing client
2015-03-12T11:41:09.577Z - info: Socket created
2015-03-12T11:41:09.577Z - info: Port: 3323
2015-03-12T11:41:09.577Z - info: Host: localhost
2015-03-12T11:41:09.578Z - info: Transport Format: json
2015-03-12T11:41:09.578Z - info: Return Format: json
2015-03-12T11:41:09.578Z - info: Consumer Callbacks: { onConnect: null,
  onData: [Function: brokerConsumerDataCb],
  onEnd: null,
  onTimeout: null,
  onDrain: null,
  onError: null,
  onClose: null }
2015-03-12T11:41:09.579Z - info: Connecting to localhost:3323
2015-03-12T11:41:09.579Z - info: Subscribing /sapo/broker/dev/test_node as TOPIC, Acknowledge Mode is null
2015-03-12T11:41:27.237Z - info: Client instantiated
2015-03-12T11:41:27.238Z - info: Initializing client
2015-03-12T11:41:27.238Z - info: Socket created
2015-03-12T11:41:27.238Z - info: Port: 3323
2015-03-12T11:41:27.238Z - info: Host: localhost
2015-03-12T11:41:27.239Z - info: Transport Format: json
2015-03-12T11:41:27.239Z - info: Return Format: json
2015-03-12T11:41:27.240Z - info: Consumer Callbacks: { onConnect: null,
  onData: [Function: brokerConsumerDataCb],
  onEnd: null,
  onTimeout: null,
  onDrain: null,
  onError: null,
  onClose: null }
2015-03-12T11:41:27.240Z - info: Connecting to localhost:3323
2015-03-12T11:41:27.240Z - info: Subscribing /sapo/broker/dev/test_node as TOPIC, Acknowledge Mode is null
2015-03-12T11:42:05.838Z - info: Client instantiated
2015-03-12T11:42:05.838Z - info: Initializing client
2015-03-12T11:42:05.838Z - info: Socket created
2015-03-12T11:42:05.839Z - info: Port: 3323
2015-03-12T11:42:05.839Z - info: Host: localhost
2015-03-12T11:42:05.839Z - info: Transport Format: json
2015-03-12T11:42:05.839Z - info: Return Format: json
2015-03-12T11:42:05.840Z - info: Consumer Callbacks: { onConnect: null,
  onData: [Function: brokerConsumerDataCb],
  onEnd: null,
  onTimeout: null,
  onDrain: null,
  onError: null,
  onClose: null }
2015-03-12T11:42:05.840Z - info: Connecting to localhost:3323
2015-03-12T11:42:05.841Z - info: Subscribing /sapo/broker/dev/test_node as TOPIC, Acknowledge Mode is null
2015-03-12T11:46:50.896Z - info: Client instantiated
2015-03-12T11:46:50.897Z - info: Initializing client
2015-03-12T11:46:50.897Z - info: Socket created
2015-03-12T11:46:50.898Z - info: Port: 3323
2015-03-12T11:46:50.898Z - info: Host: localhost
2015-03-12T11:46:50.898Z - info: Transport Format: json
2015-03-12T11:46:50.898Z - info: Return Format: json
2015-03-12T11:46:50.899Z - info: Consumer Callbacks: { onConnect: null,
  onData: [Function: brokerConsumerDataCb],
  onEnd: null,
  onTimeout: null,
  onDrain: null,
  onError: null,
  onClose: null }
2015-03-12T11:46:50.899Z - info: Connecting to localhost:3323
2015-03-12T11:46:50.899Z - info: Subscribing /sapo/broker/dev/test_node as TOPIC, Acknowledge Mode is null
2015-03-12T11:47:13.193Z - info: Client instantiated
2015-03-12T11:47:13.193Z - info: Initializing client
2015-03-12T11:47:13.194Z - info: Socket created
2015-03-12T11:47:13.194Z - info: Port: 3323
2015-03-12T11:47:13.194Z - info: Host: localhost
2015-03-12T11:47:13.194Z - info: Transport Format: json
2015-03-12T11:47:13.194Z - info: Return Format: json
2015-03-12T11:47:13.195Z - info: Consumer Callbacks: { onConnect: null,
  onData: [Function: brokerConsumerDataCb],
  onEnd: null,
  onTimeout: null,
  onDrain: null,
  onError: null,
  onClose: null }
2015-03-12T11:47:13.195Z - info: Connecting to localhost:3323
2015-03-12T11:47:13.196Z - info: Subscribing /sapo/broker/dev/test_node as TOPIC, Acknowledge Mode is null
2015-03-12T11:47:39.015Z - info: Client instantiated
2015-03-12T11:47:39.015Z - info: Initializing client
2015-03-12T11:47:39.015Z - info: Socket created
2015-03-12T11:47:39.016Z - info: Port: 3323
2015-03-12T11:47:39.016Z - info: Host: localhost
2015-03-12T11:47:39.016Z - info: Transport Format: json
2015-03-12T11:47:39.016Z - info: Return Format: json
2015-03-12T11:47:39.017Z - info: Consumer Callbacks: { onConnect: null,
  onData: [Function: brokerConsumerDataCb],
  onEnd: null,
  onTimeout: null,
  onDrain: null,
  onError: null,
  onClose: null }
2015-03-12T11:47:39.017Z - info: Connecting to localhost:3323
2015-03-12T11:47:39.018Z - info: Subscribing /sapo/broker/dev/test_node as TOPIC, Acknowledge Mode is null
2015-03-12T11:53:18.575Z - info: Client instantiated
2015-03-12T11:53:18.576Z - info: Initializing client
2015-03-12T11:53:18.576Z - info: Socket created
2015-03-12T11:53:18.577Z - info: Port: 3323
2015-03-12T11:53:18.577Z - info: Host: localhost
2015-03-12T11:53:18.577Z - info: Transport Format: json
2015-03-12T11:53:18.577Z - info: Return Format: json
2015-03-12T11:53:18.578Z - info: Consumer Callbacks: { onConnect: null,
  onData: [Function: brokerConsumerDataCb],
  onEnd: null,
  onTimeout: null,
  onDrain: null,
  onError: null,
  onClose: null }
2015-03-12T11:53:18.578Z - info: Connecting to localhost:3323
2015-03-12T11:53:18.579Z - info: Subscribing /sapo/broker/dev/test_node as TOPIC, Acknowledge Mode is null
2015-03-12T12:11:39.242Z - info: Client instantiated
2015-03-12T12:11:39.242Z - info: Initializing client
2015-03-12T12:11:39.242Z - info: Socket created
2015-03-12T12:11:39.243Z - info: Port: 3323
2015-03-12T12:11:39.243Z - info: Host: localhost
2015-03-12T12:11:39.243Z - info: Transport Format: json
2015-03-12T12:11:39.243Z - info: Return Format: json
2015-03-12T12:11:39.244Z - info: Consumer Callbacks: { onConnect: null,
  onData: [Function: brokerConsumerDataCb],
  onEnd: null,
  onTimeout: null,
  onDrain: null,
  onError: null,
  onClose: null }
2015-03-12T12:11:39.244Z - info: Connecting to localhost:3323
2015-03-12T12:11:39.245Z - info: Subscribing /sapo/broker/dev/test_node as TOPIC, Acknowledge Mode is null
2015-03-12T12:22:26.578Z - info: Client instantiated
2015-03-12T12:22:26.578Z - info: Initializing client
2015-03-12T12:22:26.579Z - info: Socket created
2015-03-12T12:22:26.579Z - info: Port: 3323
2015-03-12T12:22:26.579Z - info: Host: localhost
2015-03-12T12:22:26.579Z - info: Transport Format: json
2015-03-12T12:22:26.580Z - info: Return Format: json
2015-03-12T12:22:26.580Z - info: Consumer Callbacks: { onConnect: null,
  onData: [Function: brokerConsumerDataCb],
  onEnd: null,
  onTimeout: null,
  onDrain: null,
  onError: null,
  onClose: null }
2015-03-12T12:22:26.580Z - info: Connecting to localhost:3323
2015-03-12T12:22:26.581Z - info: Subscribing /sapo/broker/dev/test_node as TOPIC, Acknowledge Mode is null
2015-03-12T12:25:29.785Z - info: Client instantiated
2015-03-12T12:25:29.786Z - info: Initializing client
2015-03-12T12:25:29.786Z - info: Socket created
2015-03-12T12:25:29.786Z - info: Port: 3323
2015-03-12T12:25:29.786Z - info: Host: localhost
2015-03-12T12:25:29.787Z - info: Transport Format: json
2015-03-12T12:25:29.787Z - info: Return Format: json
2015-03-12T12:25:29.788Z - info: Consumer Callbacks: { onConnect: null,
  onData: [Function: brokerConsumerDataCb],
  onEnd: null,
  onTimeout: null,
  onDrain: null,
  onError: null,
  onClose: null }
2015-03-12T12:25:29.788Z - info: Connecting to localhost:3323
2015-03-12T12:25:29.789Z - info: Subscribing /sapo/broker/dev/test_node as TOPIC, Acknowledge Mode is null
2015-03-12T12:27:49.369Z - info: Client instantiated
2015-03-12T12:27:49.369Z - info: Initializing client
2015-03-12T12:27:49.370Z - info: Socket created
2015-03-12T12:27:49.370Z - info: Port: 3323
2015-03-12T12:27:49.370Z - info: Host: localhost
2015-03-12T12:27:49.370Z - info: Transport Format: json
2015-03-12T12:27:49.370Z - info: Return Format: json
2015-03-12T12:27:49.371Z - info: Consumer Callbacks: { onConnect: null,
  onData: [Function: brokerConsumerDataCb],
  onEnd: null,
  onTimeout: null,
  onDrain: null,
  onError: null,
  onClose: null }
2015-03-12T12:27:49.371Z - info: Connecting to localhost:3323
2015-03-12T12:27:49.372Z - info: Subscribing /sapo/broker/dev/test_node as TOPIC, Acknowledge Mode is null
2015-03-12T12:28:37.044Z - info: Client instantiated
2015-03-12T12:28:37.045Z - info: Initializing client
2015-03-12T12:28:37.045Z - info: Socket created
2015-03-12T12:28:37.046Z - info: Port: 3323
2015-03-12T12:28:37.046Z - info: Host: localhost
2015-03-12T12:28:37.046Z - info: Transport Format: json
2015-03-12T12:28:37.046Z - info: Return Format: json
2015-03-12T12:28:37.047Z - info: Consumer Callbacks: { onConnect: null,
  onData: [Function: brokerConsumerDataCb],
  onEnd: null,
  onTimeout: null,
  onDrain: null,
  onError: null,
  onClose: null }
2015-03-12T12:28:37.047Z - info: Connecting to localhost:3323
2015-03-12T12:28:37.048Z - info: Subscribing /sapo/broker/dev/test_node as TOPIC, Acknowledge Mode is null
2015-03-12T12:29:15.138Z - info: Client instantiated
2015-03-12T12:29:15.139Z - info: Initializing client
2015-03-12T12:29:15.139Z - info: Socket created
2015-03-12T12:29:15.140Z - info: Port: 3323
2015-03-12T12:29:15.140Z - info: Host: localhost
2015-03-12T12:29:15.140Z - info: Transport Format: json
2015-03-12T12:29:15.140Z - info: Return Format: json
2015-03-12T12:29:15.141Z - info: Consumer Callbacks: { onConnect: null,
  onData: [Function: brokerConsumerDataCb],
  onEnd: null,
  onTimeout: null,
  onDrain: null,
  onError: null,
  onClose: null }
2015-03-12T12:29:15.141Z - info: Connecting to localhost:3323
2015-03-12T12:29:15.142Z - info: Subscribing /sapo/broker/dev/test_node as TOPIC, Acknowledge Mode is null
2015-03-12T12:30:07.762Z - info: Client instantiated
2015-03-12T12:30:07.763Z - info: Initializing client
2015-03-12T12:30:07.763Z - info: Socket created
2015-03-12T12:30:07.764Z - info: Port: 3323
2015-03-12T12:30:07.764Z - info: Host: localhost
2015-03-12T12:30:07.764Z - info: Transport Format: json
2015-03-12T12:30:07.764Z - info: Return Format: json
2015-03-12T12:30:07.765Z - info: Consumer Callbacks: { onConnect: null,
  onData: [Function: brokerConsumerDataCb],
  onEnd: null,
  onTimeout: null,
  onDrain: null,
  onError: null,
  onClose: null }
2015-03-12T12:30:07.765Z - info: Connecting to localhost:3323
2015-03-12T12:30:07.765Z - info: Subscribing /sapo/broker/dev/test_node as TOPIC, Acknowledge Mode is null
2015-03-12T12:30:22.546Z - info: Client instantiated
2015-03-12T12:30:22.546Z - info: Initializing client
2015-03-12T12:30:22.547Z - info: Socket created
2015-03-12T12:30:22.547Z - info: Port: 3323
2015-03-12T12:30:22.547Z - info: Host: localhost
2015-03-12T12:30:22.547Z - info: Transport Format: json
2015-03-12T12:30:22.548Z - info: Return Format: json
2015-03-12T12:30:22.548Z - info: Consumer Callbacks: { onConnect: null,
  onData: [Function: brokerConsumerDataCb],
  onEnd: null,
  onTimeout: null,
  onDrain: null,
  onError: null,
  onClose: null }
2015-03-12T12:30:22.548Z - info: Connecting to localhost:3323
2015-03-12T12:30:22.549Z - info: Subscribing /sapo/broker/dev/test_node as TOPIC, Acknowledge Mode is null
2015-03-12T12:31:12.418Z - info: Client instantiated
2015-03-12T12:31:12.418Z - info: Initializing client
2015-03-12T12:31:12.418Z - info: Socket created
2015-03-12T12:31:12.419Z - info: Port: 3323
2015-03-12T12:31:12.419Z - info: Host: localhost
2015-03-12T12:31:12.419Z - info: Transport Format: json
2015-03-12T12:31:12.419Z - info: Return Format: json
2015-03-12T12:31:12.420Z - info: Consumer Callbacks: { onConnect: null,
  onData: [Function: brokerConsumerDataCb],
  onEnd: null,
  onTimeout: null,
  onDrain: null,
  onError: null,
  onClose: null }
2015-03-12T12:31:12.420Z - info: Connecting to localhost:3323
2015-03-12T12:31:12.421Z - info: Subscribing /sapo/broker/dev/test_node as TOPIC, Acknowledge Mode is null
2015-03-12T14:02:49.632Z - info: Client instantiated
2015-03-12T14:02:49.633Z - info: Initializing client
2015-03-12T14:02:49.633Z - info: Socket created
2015-03-12T14:02:49.633Z - info: Port: 3323
2015-03-12T14:02:49.633Z - info: Host: localhost
2015-03-12T14:02:49.634Z - info: Transport Format: json
2015-03-12T14:02:49.634Z - info: Return Format: json
2015-03-12T14:02:49.635Z - info: Consumer Callbacks: { onConnect: null,
  onData: [Function: brokerConsumerDataCb],
  onEnd: null,
  onTimeout: null,
  onDrain: null,
  onError: null,
  onClose: null }
2015-03-12T14:02:49.635Z - info: Connecting to localhost:3323
2015-03-12T14:02:49.635Z - info: Subscribing /sapo/broker/dev/test_node as TOPIC, Acknowledge Mode is null
2015-03-12T14:08:52.346Z - info: Client instantiated
2015-03-12T14:08:52.346Z - info: Initializing client
2015-03-12T14:08:52.346Z - info: Socket created
2015-03-12T14:09:12.081Z - info: Client instantiated
2015-03-12T14:09:12.082Z - info: Initializing client
2015-03-12T14:09:12.082Z - info: Socket created
2015-03-12T14:09:12.083Z - info: Port: 3323
2015-03-12T14:09:12.083Z - info: Host: localhost
2015-03-12T14:09:12.083Z - info: Transport Format: json
2015-03-12T14:09:12.083Z - info: Return Format: json
2015-03-12T14:09:12.084Z - info: Consumer Callbacks: { onConnect: null,
  onData: [Function: brokerConsumerDataCb],
  onEnd: null,
  onTimeout: null,
  onDrain: null,
  onError: null,
  onClose: null }
2015-03-12T14:09:12.084Z - info: Connecting to localhost:3323
2015-03-12T14:09:12.085Z - info: Subscribing /sapo/broker/dev/test_node as TOPIC, Acknowledge Mode is null
2015-03-12T14:14:35.738Z - info: Client instantiated
2015-03-12T14:14:35.738Z - info: Initializing client
2015-03-12T14:14:35.739Z - info: Socket created
2015-03-12T14:14:35.739Z - info: Port: 3323
2015-03-12T14:14:35.739Z - info: Host: broker.bk.sapo.pt
2015-03-12T14:14:35.740Z - info: Transport Format: json
2015-03-12T14:14:35.740Z - info: Return Format: json
2015-03-12T14:14:35.741Z - info: Consumer Callbacks: { onConnect: null,
  onData: [Function: brokerConsumerDataCb],
  onEnd: null,
  onTimeout: null,
  onDrain: null,
  onError: null,
  onClose: null }
2015-03-12T14:14:35.742Z - info: Connecting to broker.bk.sapo.pt:3323
2015-03-12T14:14:35.742Z - info: Subscribing /sapo/broker/dev/test_node as TOPIC, Acknowledge Mode is null
2015-03-12T14:20:07.326Z - info: Client instantiated
2015-03-12T14:20:27.954Z - info: Client instantiated
2015-03-12T14:20:27.954Z - info: Initializing client
2015-03-12T14:20:27.954Z - info: Socket created
2015-03-12T14:20:27.955Z - info: Port: 3323
2015-03-12T14:20:27.955Z - info: Host: 127.0.0.1
2015-03-12T14:20:27.955Z - info: Transport Format: json
2015-03-12T14:20:27.955Z - info: Return Format: json
2015-03-12T14:20:27.956Z - info: Consumer Callbacks: { onConnect: null,
  onData: [Function: brokerConsumerDataCb],
  onEnd: null,
  onTimeout: null,
  onDrain: null,
  onError: null,
  onClose: null }
2015-03-12T14:20:27.956Z - info: Connecting to 127.0.0.1:3323
2015-03-12T14:20:27.957Z - info: Subscribing /sapo/broker/dev/test_node as TOPIC, Acknowledge Mode is null
2015-03-12T14:22:23.515Z - info: Client instantiated
2015-03-12T14:22:23.516Z - info: Initializing client
2015-03-12T14:22:23.516Z - info: Socket created
2015-03-12T14:22:23.516Z - info: Port: 3323
2015-03-12T14:22:23.516Z - info: Host: 127.0.0.1
2015-03-12T14:22:23.517Z - info: Transport Format: json
2015-03-12T14:22:23.517Z - info: Return Format: json
2015-03-12T14:22:23.518Z - info: Consumer Callbacks: { onConnect: null,
  onData: [Function: brokerConsumerDataCb],
  onEnd: null,
  onTimeout: null,
  onDrain: null,
  onError: null,
  onClose: null }
2015-03-12T14:22:23.518Z - info: Connecting to 127.0.0.1:3323
2015-03-12T14:22:23.518Z - info: Subscribing /sapo/broker/dev/test_node as TOPIC, Acknowledge Mode is null
2015-03-12T14:28:18.172Z - info: Client instantiated
2015-03-12T14:28:18.173Z - info: Initializing client
2015-03-12T14:28:18.173Z - info: Socket created
2015-03-12T14:28:18.174Z - info: Port: 3323
2015-03-12T14:28:18.174Z - info: Host: 127.0.0.1
2015-03-12T14:28:18.174Z - info: Transport Format: json
2015-03-12T14:28:18.174Z - info: Return Format: json
2015-03-12T14:28:18.175Z - info: Consumer Callbacks: { onConnect: null,
  onData: [Function: brokerConsumerDataCb],
  onEnd: null,
  onTimeout: null,
  onDrain: null,
  onError: null,
  onClose: null }
2015-03-12T14:28:18.175Z - info: Connecting to 127.0.0.1:3323
2015-03-12T14:28:18.176Z - info: Subscribing /sapo/broker/dev/test_node as TOPIC, Acknowledge Mode is null
2015-03-12T14:29:09.474Z - info: Client instantiated
2015-03-12T14:29:09.475Z - info: Initializing client
2015-03-12T14:29:09.475Z - info: Socket created
2015-03-12T14:29:09.475Z - info: Port: 3323
2015-03-12T14:29:09.475Z - info: Host: 127.0.0.1
2015-03-12T14:29:09.476Z - info: Transport Format: json
2015-03-12T14:29:09.476Z - info: Return Format: json
2015-03-12T14:29:09.476Z - info: Consumer Callbacks: { onConnect: null,
  onData: [Function: brokerConsumerDataCb],
  onEnd: null,
  onTimeout: null,
  onDrain: null,
  onError: null,
  onClose: null }
2015-03-12T14:29:09.477Z - info: Connecting to 127.0.0.1:3323
2015-03-12T14:29:09.477Z - info: Subscribing /sapo/broker/dev/test_node as TOPIC, Acknowledge Mode is null
2015-03-12T16:09:17.745Z - info: Client instantiated
2015-03-12T16:09:40.899Z - info: Client instantiated
2015-03-12T16:09:40.899Z - info: Initializing client
2015-03-12T16:09:40.900Z - info: Socket created
2015-03-12T16:09:40.900Z - info: Port: 3323
2015-03-12T16:09:40.900Z - info: Host: 127.0.0.1
2015-03-12T16:09:40.911Z - info: Transport Format: xml
2015-03-12T16:09:40.911Z - info: Return Format: json
2015-03-12T16:09:40.912Z - info: Consumer Callbacks: { onConnect: null,
  onData: [Function: brokerConsumerDataCb],
  onEnd: null,
  onTimeout: null,
  onDrain: null,
  onError: null,
  onClose: null }
2015-03-12T16:09:40.912Z - info: Connecting to 127.0.0.1:3323
2015-03-12T16:09:40.912Z - info: Subscribing /sapo/broker/dev/test_node as TOPIC, Acknowledge Mode is null
2015-03-12T16:12:19.770Z - info: Client instantiated
2015-03-12T16:12:19.770Z - info: Initializing client
2015-03-12T16:12:19.770Z - info: Socket created
2015-03-12T16:12:19.771Z - info: Port: 3323
2015-03-12T16:12:19.771Z - info: Host: 127.0.0.1
2015-03-12T16:12:19.784Z - info: Transport Format: xml
2015-03-12T16:12:19.784Z - info: Return Format: json
2015-03-12T16:12:19.786Z - info: Consumer Callbacks: { onConnect: null,
  onData: [Function: brokerConsumerDataCb],
  onEnd: null,
  onTimeout: null,
  onDrain: null,
  onError: null,
  onClose: null }
2015-03-12T16:12:19.786Z - info: Connecting to 127.0.0.1:3323
2015-03-12T16:12:19.787Z - info: Subscribing /sapo/broker/dev/test_node as TOPIC, Acknowledge Mode is null
2015-03-12T16:49:42.987Z - info: Client instantiated
2015-03-12T16:49:42.988Z - info: Initializing client
2015-03-12T16:49:42.988Z - info: Socket created
2015-03-12T16:49:42.988Z - info: Port: 3323
2015-03-12T16:49:42.988Z - info: Host: 127.0.0.1
2015-03-12T16:49:42.989Z - info: Transport Format: json
2015-03-12T16:49:42.989Z - info: Return Format: json
2015-03-12T16:49:42.990Z - info: Consumer Callbacks: { onConnect: null,
  onData: [Function: brokerConsumerDataCb],
  onEnd: null,
  onTimeout: null,
  onDrain: null,
  onError: null,
  onClose: null }
2015-03-12T16:49:42.990Z - info: Connecting to 127.0.0.1:3323
2015-03-12T16:49:42.990Z - info: Subscribing /sapo/broker/dev/test_node as TOPIC, Acknowledge Mode is null
2015-03-12T18:25:43.554Z - info: Client instantiated
2015-03-12T18:25:43.554Z - info: Initializing client
2015-03-12T18:25:43.555Z - info: Socket created
2015-03-12T18:25:43.555Z - info: Port: 3323
2015-03-12T18:25:43.555Z - info: Host: 127.0.0.1
2015-03-12T18:25:43.557Z - info: Transport Format: protobuf
2015-03-12T18:25:43.557Z - info: Return Format: json
2015-03-12T18:25:43.558Z - info: Consumer Callbacks: { onConnect: null,
  onData: [Function: brokerConsumerDataCb],
  onEnd: null,
  onTimeout: null,
  onDrain: null,
  onError: null,
  onClose: null }
2015-03-12T18:25:43.558Z - info: Connecting to 127.0.0.1:3323
2015-03-12T18:25:43.558Z - info: Subscribing /sapo/broker/dev/test_node as TOPIC, Acknowledge Mode is null
2015-03-12T18:30:14.979Z - info: Client instantiated
2015-03-12T18:30:14.980Z - info: Initializing client
2015-03-12T18:30:14.980Z - info: Socket created
2015-03-12T18:30:14.981Z - info: Port: 3323
2015-03-12T18:30:14.981Z - info: Host: 127.0.0.1
2015-03-12T18:30:14.982Z - info: Transport Format: protobuf
2015-03-12T18:30:14.982Z - info: Return Format: json
2015-03-12T18:30:14.983Z - info: Consumer Callbacks: { onConnect: null,
  onData: [Function: brokerConsumerDataCb],
  onEnd: null,
  onTimeout: null,
  onDrain: null,
  onError: null,
  onClose: null }
2015-03-12T18:30:14.983Z - info: Connecting to 127.0.0.1:3323
2015-03-12T18:30:14.983Z - info: Subscribing /sapo/broker/dev/test_node as TOPIC, Acknowledge Mode is null
2015-03-12T18:30:44.714Z - info: Client instantiated
2015-03-12T18:30:44.715Z - info: Initializing client
2015-03-12T18:30:44.715Z - info: Socket created
2015-03-12T18:30:44.716Z - info: Port: 3323
2015-03-12T18:30:44.716Z - info: Host: 127.0.0.1
2015-03-12T18:30:44.717Z - info: Transport Format: protobuf
2015-03-12T18:30:44.717Z - info: Return Format: json
2015-03-12T18:30:44.718Z - info: Consumer Callbacks: { onConnect: null,
  onData: [Function: brokerConsumerDataCb],
  onEnd: null,
  onTimeout: null,
  onDrain: null,
  onError: null,
  onClose: null }
2015-03-12T18:30:44.718Z - info: Connecting to 127.0.0.1:3323
2015-03-12T18:30:44.718Z - info: Subscribing /sapo/broker/dev/test_node as TOPIC, Acknowledge Mode is null
2015-03-12T18:33:24.548Z - info: Client instantiated
2015-03-12T18:33:24.549Z - info: Initializing client
2015-03-12T18:33:24.549Z - info: Socket created
2015-03-12T18:33:24.550Z - info: Port: 3323
2015-03-12T18:33:24.550Z - info: Host: 127.0.0.1
2015-03-12T18:33:24.551Z - info: Transport Format: protobuf
2015-03-12T18:33:24.551Z - info: Return Format: json
2015-03-12T18:33:24.552Z - info: Consumer Callbacks: { onConnect: null,
  onData: [Function: brokerConsumerDataCb],
  onEnd: null,
  onTimeout: null,
  onDrain: null,
  onError: null,
  onClose: null }
2015-03-12T18:33:24.552Z - info: Connecting to 127.0.0.1:3323
2015-03-12T18:33:24.552Z - info: Subscribing /sapo/broker/dev/test_node as TOPIC, Acknowledge Mode is null
2015-03-12T18:40:50.187Z - info: Client instantiated
2015-03-12T18:40:50.188Z - info: Initializing client
2015-03-12T18:40:50.188Z - info: Socket created
2015-03-12T18:40:50.189Z - info: Port: 3323
2015-03-12T18:40:50.189Z - info: Host: 127.0.0.1
2015-03-12T18:40:50.190Z - info: Transport Format: protobuf
2015-03-12T18:40:50.190Z - info: Return Format: json
2015-03-12T18:40:50.191Z - info: Consumer Callbacks: { onConnect: null,
  onData: [Function: brokerConsumerDataCb],
  onEnd: null,
  onTimeout: null,
  onDrain: null,
  onError: null,
  onClose: null }
2015-03-12T18:40:50.191Z - info: Connecting to 127.0.0.1:3323
2015-03-12T18:40:50.192Z - info: Subscribing /sapo/broker/dev/test_node as TOPIC, Acknowledge Mode is null
2015-03-12T18:45:11.413Z - info: Client instantiated
2015-03-12T18:45:11.414Z - info: Initializing client
2015-03-12T18:45:11.414Z - info: Socket created
2015-03-12T18:45:11.414Z - info: Port: 3323
2015-03-12T18:45:11.414Z - info: Host: 127.0.0.1
2015-03-12T18:45:11.415Z - info: Transport Format: protobuf
2015-03-12T18:45:11.415Z - info: Return Format: json
2015-03-12T18:45:11.416Z - info: Consumer Callbacks: { onConnect: null,
  onData: [Function: brokerConsumerDataCb],
  onEnd: null,
  onTimeout: null,
  onDrain: null,
  onError: null,
  onClose: null }
2015-03-12T18:45:11.417Z - info: Connecting to 127.0.0.1:3323
2015-03-12T18:45:11.417Z - info: Subscribing /sapo/broker/dev/test_node as TOPIC, Acknowledge Mode is null
2015-03-12T18:45:38.427Z - info: Client instantiated
2015-03-12T18:45:38.428Z - info: Initializing client
2015-03-12T18:45:38.428Z - info: Socket created
2015-03-12T18:45:38.429Z - info: Port: 3323
2015-03-12T18:45:38.429Z - info: Host: 127.0.0.1
2015-03-12T18:45:38.430Z - info: Transport Format: protobuf
2015-03-12T18:45:38.430Z - info: Return Format: json
2015-03-12T18:45:38.431Z - info: Consumer Callbacks: { onConnect: null,
  onData: [Function: brokerConsumerDataCb],
  onEnd: null,
  onTimeout: null,
  onDrain: null,
  onError: null,
  onClose: null }
2015-03-12T18:45:38.431Z - info: Connecting to 127.0.0.1:3323
2015-03-12T18:45:38.431Z - info: Subscribing /sapo/broker/dev/test_node as TOPIC, Acknowledge Mode is null
2015-03-12T18:50:29.230Z - info: Client instantiated
2015-03-12T18:50:29.231Z - info: Initializing client
2015-03-12T18:50:29.231Z - info: Socket created
2015-03-12T18:50:29.231Z - info: Port: 3323
2015-03-12T18:50:29.231Z - info: Host: 127.0.0.1
2015-03-12T18:50:29.233Z - info: Transport Format: protobuf
2015-03-12T18:50:29.233Z - info: Return Format: json
2015-03-12T18:50:29.234Z - info: Consumer Callbacks: { onConnect: null,
  onData: [Function: brokerConsumerDataCb],
  onEnd: null,
  onTimeout: null,
  onDrain: null,
  onError: null,
  onClose: null }
2015-03-12T18:50:29.234Z - info: Connecting to 127.0.0.1:3323
2015-03-12T18:50:29.235Z - info: Subscribing /sapo/broker/dev/test_node as TOPIC, Acknowledge Mode is null
2015-03-12T18:53:04.691Z - info: Client instantiated
2015-03-12T18:53:04.691Z - info: Initializing client
2015-03-12T18:53:04.691Z - info: Socket created
2015-03-12T18:53:04.692Z - info: Port: 3323
2015-03-12T18:53:04.692Z - info: Host: 127.0.0.1
2015-03-12T18:53:04.693Z - info: Transport Format: protobuf
2015-03-12T18:53:04.693Z - info: Return Format: json
2015-03-12T18:53:04.694Z - info: Consumer Callbacks: { onConnect: null,
  onData: [Function: brokerConsumerDataCb],
  onEnd: null,
  onTimeout: null,
  onDrain: null,
  onError: null,
  onClose: null }
2015-03-12T18:53:04.694Z - info: Connecting to 127.0.0.1:3323
2015-03-12T18:53:04.695Z - info: Subscribing /sapo/broker/dev/test_node as TOPIC, Acknowledge Mode is null
2015-03-12T18:53:42.014Z - info: Client instantiated
2015-03-12T18:53:42.015Z - info: Initializing client
2015-03-12T18:53:42.015Z - info: Socket created
2015-03-12T18:53:42.016Z - info: Port: 3323
2015-03-12T18:53:42.016Z - info: Host: 127.0.0.1
2015-03-12T18:53:42.017Z - info: Transport Format: protobuf
2015-03-12T18:53:42.017Z - info: Return Format: json
2015-03-12T18:53:42.018Z - info: Consumer Callbacks: { onConnect: null,
  onData: [Function: brokerConsumerDataCb],
  onEnd: null,
  onTimeout: null,
  onDrain: null,
  onError: null,
  onClose: null }
2015-03-12T18:53:42.018Z - info: Connecting to 127.0.0.1:3323
2015-03-12T18:53:42.018Z - info: Subscribing /sapo/broker/dev/test_node as TOPIC, Acknowledge Mode is null
2015-03-12T18:55:02.798Z - info: Client instantiated
2015-03-12T18:55:02.799Z - info: Initializing client
2015-03-12T18:55:02.799Z - info: Socket created
2015-03-12T18:55:02.800Z - info: Port: 3323
2015-03-12T18:55:02.800Z - info: Host: 127.0.0.1
2015-03-12T18:55:02.801Z - info: Transport Format: protobuf
2015-03-12T18:55:02.801Z - info: Return Format: json
2015-03-12T18:55:02.802Z - info: Consumer Callbacks: { onConnect: null,
  onData: [Function: brokerConsumerDataCb],
  onEnd: null,
  onTimeout: null,
  onDrain: null,
  onError: null,
  onClose: null }
2015-03-12T18:55:02.802Z - info: Connecting to 127.0.0.1:3323
2015-03-12T18:55:02.803Z - info: Subscribing /sapo/broker/dev/test_node as TOPIC, Acknowledge Mode is null
2015-03-12T18:55:35.198Z - info: Client instantiated
2015-03-12T18:55:35.198Z - info: Initializing client
2015-03-12T18:55:35.199Z - info: Socket created
2015-03-12T18:55:35.199Z - info: Port: 3323
2015-03-12T18:55:35.199Z - info: Host: 127.0.0.1
2015-03-12T18:55:35.200Z - info: Transport Format: protobuf
2015-03-12T18:55:35.200Z - info: Return Format: json
2015-03-12T18:55:35.201Z - info: Consumer Callbacks: { onConnect: null,
  onData: [Function: brokerConsumerDataCb],
  onEnd: null,
  onTimeout: null,
  onDrain: null,
  onError: null,
  onClose: null }
2015-03-12T18:55:35.201Z - info: Connecting to 127.0.0.1:3323
2015-03-12T18:55:35.202Z - info: Subscribing /sapo/broker/dev/test_node as TOPIC, Acknowledge Mode is null
2015-03-12T18:57:04.029Z - info: Client instantiated
2015-03-12T18:57:04.030Z - info: Initializing client
2015-03-12T18:57:04.030Z - info: Socket created
2015-03-12T18:57:04.030Z - info: Port: 3323
2015-03-12T18:57:04.030Z - info: Host: 127.0.0.1
2015-03-12T18:57:04.032Z - info: Transport Format: protobuf
2015-03-12T18:57:04.032Z - info: Return Format: json
2015-03-12T18:57:04.033Z - info: Consumer Callbacks: { onConnect: null,
  onData: [Function: brokerConsumerDataCb],
  onEnd: null,
  onTimeout: null,
  onDrain: null,
  onError: null,
  onClose: null }
2015-03-12T18:57:04.033Z - info: Connecting to 127.0.0.1:3323
2015-03-12T18:57:04.033Z - info: Subscribing /sapo/broker/dev/test_node as TOPIC, Acknowledge Mode is null
2015-03-12T18:57:49.771Z - info: Client instantiated
2015-03-12T18:57:49.772Z - info: Initializing client
2015-03-12T18:57:49.772Z - info: Socket created
2015-03-12T18:57:49.773Z - info: Port: 3323
2015-03-12T18:57:49.773Z - info: Host: 127.0.0.1
2015-03-12T18:57:49.774Z - info: Transport Format: protobuf
2015-03-12T18:57:49.774Z - info: Return Format: json
2015-03-12T18:57:49.775Z - info: Consumer Callbacks: { onConnect: null,
  onData: [Function: brokerConsumerDataCb],
  onEnd: null,
  onTimeout: null,
  onDrain: null,
  onError: null,
  onClose: null }
2015-03-12T18:57:49.775Z - info: Connecting to 127.0.0.1:3323
2015-03-12T18:57:49.776Z - info: Subscribing /sapo/broker/dev/test_node as TOPIC, Acknowledge Mode is null
2015-03-12T18:58:17.742Z - info: Client instantiated
2015-03-12T18:58:17.742Z - info: Initializing client
2015-03-12T18:58:17.743Z - info: Socket created
2015-03-12T18:58:17.743Z - info: Port: 3323
2015-03-12T18:58:17.743Z - info: Host: 127.0.0.1
2015-03-12T18:58:17.744Z - info: Transport Format: protobuf
2015-03-12T18:58:17.744Z - info: Return Format: json
2015-03-12T18:58:17.745Z - info: Consumer Callbacks: { onConnect: null,
  onData: [Function: brokerConsumerDataCb],
  onEnd: null,
  onTimeout: null,
  onDrain: null,
  onError: null,
  onClose: null }
2015-03-12T18:58:17.745Z - info: Connecting to 127.0.0.1:3323
2015-03-12T18:58:17.746Z - info: Subscribing /sapo/broker/dev/test_node as TOPIC, Acknowledge Mode is null
2015-03-16T10:44:17.121Z - info: Client instantiated
2015-03-16T10:44:17.121Z - info: Initializing client
2015-03-16T10:44:17.121Z - info: Socket created
2015-03-16T10:44:17.122Z - info: Port: 3323
2015-03-16T10:44:17.122Z - info: Host: 127.0.0.1
2015-03-16T10:44:17.123Z - info: Transport Format: protobuf
2015-03-16T10:44:17.123Z - info: Return Format: json
2015-03-16T10:44:17.124Z - info: Consumer Callbacks: { onConnect: null,
  onData: [Function: brokerConsumerDataCb],
  onEnd: null,
  onTimeout: null,
  onDrain: null,
  onError: null,
  onClose: null }
2015-03-16T10:44:17.124Z - info: Connecting to 127.0.0.1:3323
2015-03-16T10:44:17.125Z - info: Subscribing /sapo/broker/dev/test_node as TOPIC, Acknowledge Mode is null
2015-03-16T10:49:30.096Z - info: Client instantiated
2015-03-16T10:49:30.097Z - info: Initializing client
2015-03-16T10:49:30.097Z - info: Socket created
2015-03-16T10:49:30.097Z - info: Port: 3323
2015-03-16T10:49:30.097Z - info: Host: 127.0.0.1
2015-03-16T10:49:30.098Z - info: Transport Format: protobuf
2015-03-16T10:49:30.098Z - info: Return Format: json
2015-03-16T10:49:30.099Z - info: Consumer Callbacks: { onConnect: null,
  onData: [Function: brokerConsumerDataCb],
  onEnd: null,
  onTimeout: null,
  onDrain: null,
  onError: null,
  onClose: null }
2015-03-16T10:49:30.099Z - info: Connecting to 127.0.0.1:3323
2015-03-16T10:49:30.100Z - info: Subscribing /sapo/broker/dev/test_node as TOPIC, Acknowledge Mode is null
2015-03-16T10:51:28.024Z - info: Client instantiated
2015-03-16T10:51:28.024Z - info: Initializing client
2015-03-16T10:51:28.025Z - info: Socket created
2015-03-16T10:51:28.025Z - info: Port: 3323
2015-03-16T10:51:28.025Z - info: Host: 127.0.0.1
2015-03-16T10:51:28.026Z - info: Transport Format: protobuf
2015-03-16T10:51:28.026Z - info: Return Format: json
2015-03-16T10:51:28.027Z - info: Consumer Callbacks: { onConnect: null,
  onData: [Function: brokerConsumerDataCb],
  onEnd: null,
  onTimeout: null,
  onDrain: null,
  onError: null,
  onClose: null }
2015-03-16T10:51:28.027Z - info: Connecting to 127.0.0.1:3323
2015-03-16T10:51:28.028Z - info: Subscribing /sapo/broker/dev/test_node as TOPIC, Acknowledge Mode is null
2015-03-16T10:52:19.145Z - info: Client instantiated
2015-03-16T10:52:19.146Z - info: Initializing client
2015-03-16T10:52:19.146Z - info: Socket created
2015-03-16T10:52:19.146Z - info: Port: 3323
2015-03-16T10:52:19.146Z - info: Host: 127.0.0.1
2015-03-16T10:52:19.148Z - info: Transport Format: protobuf
2015-03-16T10:52:19.148Z - info: Return Format: json
2015-03-16T10:52:19.149Z - info: Consumer Callbacks: { onConnect: null,
  onData: [Function: brokerConsumerDataCb],
  onEnd: null,
  onTimeout: null,
  onDrain: null,
  onError: null,
  onClose: null }
2015-03-16T10:52:19.149Z - info: Connecting to 127.0.0.1:3323
2015-03-16T10:52:19.149Z - info: Subscribing /sapo/broker/dev/test_node as TOPIC, Acknowledge Mode is null
2015-03-16T10:52:56.447Z - info: Client instantiated
2015-03-16T10:52:56.448Z - info: Initializing client
2015-03-16T10:52:56.448Z - info: Socket created
2015-03-16T10:52:56.449Z - info: Port: 3323
2015-03-16T10:52:56.449Z - info: Host: 127.0.0.1
2015-03-16T10:52:56.450Z - info: Transport Format: protobuf
2015-03-16T10:52:56.450Z - info: Return Format: json
2015-03-16T10:52:56.451Z - info: Consumer Callbacks: { onConnect: null,
  onData: [Function: brokerConsumerDataCb],
  onEnd: null,
  onTimeout: null,
  onDrain: null,
  onError: null,
  onClose: null }
2015-03-16T10:52:56.451Z - info: Connecting to 127.0.0.1:3323
2015-03-16T10:52:56.451Z - info: Subscribing /sapo/broker/dev/test_node as TOPIC, Acknowledge Mode is null
2015-03-16T10:55:24.728Z - info: Client instantiated
2015-03-16T10:55:24.729Z - info: Initializing client
2015-03-16T10:55:24.729Z - info: Socket created
2015-03-16T10:55:24.729Z - info: Port: 3323
2015-03-16T10:55:24.729Z - info: Host: 127.0.0.1
2015-03-16T10:55:24.731Z - info: Transport Format: protobuf
2015-03-16T10:55:24.731Z - info: Return Format: json
2015-03-16T10:55:24.732Z - info: Consumer Callbacks: { onConnect: null,
  onData: [Function: brokerConsumerDataCb],
  onEnd: null,
  onTimeout: null,
  onDrain: null,
  onError: null,
  onClose: null }
2015-03-16T10:55:24.732Z - info: Connecting to 127.0.0.1:3323
2015-03-16T10:55:24.732Z - info: Subscribing /sapo/broker/dev/test_node as TOPIC, Acknowledge Mode is null
2015-03-16T10:59:03.487Z - info: Client instantiated
2015-03-16T10:59:03.488Z - info: Initializing client
2015-03-16T10:59:03.488Z - info: Socket created
2015-03-16T10:59:03.488Z - info: Port: 3323
2015-03-16T10:59:03.488Z - info: Host: 127.0.0.1
2015-03-16T10:59:03.490Z - info: Transport Format: protobuf
2015-03-16T10:59:03.490Z - info: Return Format: json
2015-03-16T10:59:03.490Z - info: Consumer Callbacks: { onConnect: null,
  onData: [Function: brokerConsumerDataCb],
  onEnd: null,
  onTimeout: null,
  onDrain: null,
  onError: null,
  onClose: null }
2015-03-16T10:59:03.491Z - info: Connecting to 127.0.0.1:3323
2015-03-16T10:59:03.491Z - info: Subscribing /sapo/broker/dev/test_node as TOPIC, Acknowledge Mode is null
2015-03-16T11:41:19.005Z - info: Client instantiated
2015-03-16T11:41:19.006Z - info: Initializing client
2015-03-16T11:41:19.006Z - info: Socket created
2015-03-16T11:41:19.006Z - info: Port: 3323
2015-03-16T11:41:19.006Z - info: Host: 127.0.0.1
2015-03-16T11:41:19.008Z - info: Transport Format: protobuf
2015-03-16T11:41:19.008Z - info: Return Format: json
2015-03-16T11:41:19.009Z - info: Consumer Callbacks: { onConnect: null,
  onData: [Function: brokerConsumerDataCb],
  onEnd: null,
  onTimeout: null,
  onDrain: null,
  onError: null,
  onClose: null }
2015-03-16T11:41:19.009Z - info: Connecting to 127.0.0.1:3323
2015-03-16T11:41:19.009Z - info: Subscribing /sapo/broker/dev/test_node as TOPIC, Acknowledge Mode is null
2015-03-16T11:48:17.547Z - info: Client instantiated
2015-03-16T11:48:17.548Z - info: Initializing client
2015-03-16T11:48:17.548Z - info: Socket created
2015-03-16T11:48:17.549Z - info: Port: 3323
2015-03-16T11:48:17.549Z - info: Host: 127.0.0.1
2015-03-16T11:48:17.550Z - info: Transport Format: protobuf
2015-03-16T11:48:17.550Z - info: Return Format: json
2015-03-16T11:48:17.551Z - info: Consumer Callbacks: { onConnect: null,
  onData: [Function: brokerConsumerDataCb],
  onEnd: null,
  onTimeout: null,
  onDrain: null,
  onError: null,
  onClose: null }
2015-03-16T11:48:17.551Z - info: Connecting to 127.0.0.1:3323
2015-03-16T11:48:17.552Z - info: Subscribing /sapo/broker/dev/test_node as TOPIC, Acknowledge Mode is null
2015-03-16T11:50:35.997Z - info: Client instantiated
2015-03-16T11:50:35.998Z - info: Initializing client
2015-03-16T11:50:35.998Z - info: Socket created
2015-03-16T11:50:35.999Z - info: Port: 3323
2015-03-16T11:50:35.999Z - info: Host: 127.0.0.1
2015-03-16T11:50:36.000Z - info: Transport Format: protobuf
2015-03-16T11:50:36.000Z - info: Return Format: json
2015-03-16T11:50:36.001Z - info: Consumer Callbacks: { onConnect: null,
  onData: [Function: brokerConsumerDataCb],
  onEnd: null,
  onTimeout: null,
  onDrain: null,
  onError: null,
  onClose: null }
2015-03-16T11:50:36.001Z - info: Connecting to 127.0.0.1:3323
2015-03-16T11:50:36.002Z - info: Subscribing /sapo/broker/dev/test_node as 0, Acknowledge Mode is null
2015-03-16T11:53:44.059Z - info: Client instantiated
2015-03-16T11:53:44.060Z - info: Initializing client
2015-03-16T11:53:44.060Z - info: Socket created
2015-03-16T11:53:44.060Z - info: Port: 3323
2015-03-16T11:53:44.060Z - info: Host: 127.0.0.1
2015-03-16T11:53:44.062Z - info: Transport Format: protobuf
2015-03-16T11:53:44.062Z - info: Return Format: json
2015-03-16T11:53:44.062Z - info: Consumer Callbacks: { onConnect: null,
  onData: [Function: brokerConsumerDataCb],
  onEnd: null,
  onTimeout: null,
  onDrain: null,
  onError: null,
  onClose: null }
2015-03-16T11:53:44.063Z - info: Connecting to 127.0.0.1:3323
2015-03-16T11:53:44.063Z - info: Subscribing /sapo/broker/dev/test_node as 0, Acknowledge Mode is null
2015-03-16T11:54:07.564Z - info: Client instantiated
2015-03-16T11:54:07.565Z - info: Initializing client
2015-03-16T11:54:07.565Z - info: Socket created
2015-03-16T11:54:07.565Z - info: Port: 3323
2015-03-16T11:54:07.565Z - info: Host: 127.0.0.1
2015-03-16T11:54:07.566Z - info: Transport Format: protobuf
2015-03-16T11:54:07.567Z - info: Return Format: json
2015-03-16T11:54:07.567Z - info: Consumer Callbacks: { onConnect: null,
  onData: [Function: brokerConsumerDataCb],
  onEnd: null,
  onTimeout: null,
  onDrain: null,
  onError: null,
  onClose: null }
2015-03-16T11:54:07.567Z - info: Connecting to 127.0.0.1:3323
2015-03-16T11:54:07.568Z - info: Subscribing /sapo/broker/dev/test_node as TOPIC, Acknowledge Mode is null
2015-03-16T11:56:54.748Z - info: Client instantiated
2015-03-16T11:56:54.749Z - info: Initializing client
2015-03-16T11:56:54.749Z - info: Socket created
2015-03-16T11:56:54.749Z - info: Port: 3323
2015-03-16T11:56:54.749Z - info: Host: 127.0.0.1
2015-03-16T11:56:54.751Z - info: Transport Format: protobuf
2015-03-16T11:56:54.751Z - info: Return Format: json
2015-03-16T11:56:54.752Z - info: Consumer Callbacks: { onConnect: null,
  onData: [Function: brokerConsumerDataCb],
  onEnd: null,
  onTimeout: null,
  onDrain: null,
  onError: null,
  onClose: null }
2015-03-16T11:56:54.752Z - info: Connecting to 127.0.0.1:3323
2015-03-16T11:56:54.752Z - info: Subscribing /sapo/broker/dev/test_node as TOPIC, Acknowledge Mode is null
2015-03-16T12:27:58.835Z - info: Client instantiated
2015-03-16T12:27:58.836Z - info: Initializing client
2015-03-16T12:27:58.836Z - info: Socket created
2015-03-16T12:27:58.836Z - info: Port: 3323
2015-03-16T12:27:58.836Z - info: Host: 127.0.0.1
2015-03-16T12:27:58.838Z - info: Transport Format: protobuf
2015-03-16T12:27:58.838Z - info: Return Format: json
2015-03-16T12:27:58.839Z - info: Consumer Callbacks: { onConnect: null,
  onData: [Function: brokerConsumerDataCb],
  onEnd: null,
  onTimeout: null,
  onDrain: null,
  onError: null,
  onClose: null }
2015-03-16T12:27:58.839Z - info: Connecting to 127.0.0.1:3323
2015-03-16T12:27:58.839Z - info: Subscribing /sapo/broker/dev/test_node as TOPIC, Acknowledge Mode is null
2015-03-16T12:28:11.976Z - info: Client instantiated
2015-03-16T12:28:11.977Z - info: Initializing client
2015-03-16T12:28:11.977Z - info: Socket created
2015-03-16T12:28:11.978Z - info: Port: 3323
2015-03-16T12:28:11.978Z - info: Host: 127.0.0.1
2015-03-16T12:28:11.979Z - info: Transport Format: protobuf
2015-03-16T12:28:11.979Z - info: Return Format: json
2015-03-16T12:28:11.980Z - info: Consumer Callbacks: { onConnect: null,
  onData: [Function: brokerConsumerDataCb],
  onEnd: null,
  onTimeout: null,
  onDrain: null,
  onError: null,
  onClose: null }
2015-03-16T12:28:11.980Z - info: Connecting to 127.0.0.1:3323
2015-03-16T12:28:11.980Z - info: Subscribing /sapo/broker/dev/test_node as TOPIC, Acknowledge Mode is null
2015-03-16T12:28:54.279Z - info: Client instantiated
2015-03-16T12:28:54.279Z - info: Initializing client
2015-03-16T12:28:54.279Z - info: Socket created
2015-03-16T12:28:54.280Z - info: Port: 3323
2015-03-16T12:28:54.280Z - info: Host: 127.0.0.1
2015-03-16T12:28:54.281Z - info: Transport Format: protobuf
2015-03-16T12:28:54.281Z - info: Return Format: json
2015-03-16T12:28:54.282Z - info: Consumer Callbacks: { onConnect: null,
  onData: [Function: brokerConsumerDataCb],
  onEnd: null,
  onTimeout: null,
  onDrain: null,
  onError: null,
  onClose: null }
2015-03-16T12:28:54.282Z - info: Connecting to 127.0.0.1:3323
2015-03-16T12:28:54.283Z - info: Subscribing /sapo/broker/dev/test_node as TOPIC, Acknowledge Mode is null
2015-03-16T12:29:35.542Z - info: Client instantiated
2015-03-16T12:29:35.543Z - info: Initializing client
2015-03-16T12:29:35.543Z - info: Socket created
2015-03-16T12:29:35.544Z - info: Port: 3323
2015-03-16T12:29:35.544Z - info: Host: 127.0.0.1
2015-03-16T12:29:35.545Z - info: Transport Format: protobuf
2015-03-16T12:29:35.545Z - info: Return Format: json
2015-03-16T12:29:35.546Z - info: Consumer Callbacks: { onConnect: null,
  onData: [Function: brokerConsumerDataCb],
  onEnd: null,
  onTimeout: null,
  onDrain: null,
  onError: null,
  onClose: null }
2015-03-16T12:29:35.546Z - info: Connecting to 127.0.0.1:3323
2015-03-16T12:29:35.547Z - info: Subscribing /sapo/broker/dev/test_node as TOPIC, Acknowledge Mode is null
2015-03-16T13:43:08.691Z - info: Client instantiated
2015-03-16T13:43:08.691Z - info: Initializing client
2015-03-16T13:43:08.691Z - info: Socket created
2015-03-16T13:43:08.692Z - info: Port: 3323
2015-03-16T13:43:08.692Z - info: Host: 127.0.0.1
2015-03-16T13:43:08.693Z - info: Transport Format: protobuf
2015-03-16T13:43:08.693Z - info: Return Format: json
2015-03-16T13:43:08.694Z - info: Consumer Callbacks: { onConnect: null,
  onData: [Function: brokerConsumerDataCb],
  onEnd: null,
  onTimeout: null,
  onDrain: null,
  onError: null,
  onClose: null }
2015-03-16T13:43:08.694Z - info: Connecting to 127.0.0.1:3323
2015-03-16T13:43:08.695Z - info: Subscribing /sapo/broker/dev/test_node as TOPIC, Acknowledge Mode is null
2015-03-16T13:43:51.890Z - info: Client instantiated
2015-03-16T13:43:51.891Z - info: Initializing client
2015-03-16T13:43:51.891Z - info: Socket created
2015-03-16T13:43:51.892Z - info: Port: 3323
2015-03-16T13:43:51.892Z - info: Host: 127.0.0.1
2015-03-16T13:43:51.893Z - info: Transport Format: protobuf
2015-03-16T13:43:51.893Z - info: Return Format: json
2015-03-16T13:43:51.894Z - info: Consumer Callbacks: { onConnect: null,
  onData: [Function: brokerConsumerDataCb],
  onEnd: null,
  onTimeout: null,
  onDrain: null,
  onError: null,
  onClose: null }
2015-03-16T13:43:51.894Z - info: Connecting to 127.0.0.1:3323
2015-03-16T13:43:51.895Z - info: Subscribing /sapo/broker/dev/test_node as TOPIC, Acknowledge Mode is null
2015-03-16T13:44:53.050Z - info: Client instantiated
2015-03-16T13:44:53.051Z - info: Initializing client
2015-03-16T13:44:53.051Z - info: Socket created
2015-03-16T13:44:53.052Z - info: Port: 3323
2015-03-16T13:44:53.052Z - info: Host: 127.0.0.1
2015-03-16T13:44:53.053Z - info: Transport Format: protobuf
2015-03-16T13:44:53.053Z - info: Return Format: json
2015-03-16T13:44:53.054Z - info: Consumer Callbacks: { onConnect: null,
  onData: [Function: brokerConsumerDataCb],
  onEnd: null,
  onTimeout: null,
  onDrain: null,
  onError: null,
  onClose: null }
2015-03-16T13:44:53.054Z - info: Connecting to 127.0.0.1:3323
2015-03-16T13:44:53.055Z - info: Subscribing /sapo/broker/dev/test_node as TOPIC, Acknowledge Mode is null
2015-03-16T13:46:16.218Z - info: Client instantiated
2015-03-16T13:46:16.219Z - info: Initializing client
2015-03-16T13:46:16.219Z - info: Socket created
2015-03-16T13:46:16.219Z - info: Port: 3323
2015-03-16T13:46:16.219Z - info: Host: 127.0.0.1
2015-03-16T13:46:16.221Z - info: Transport Format: protobuf
2015-03-16T13:46:16.221Z - info: Return Format: json
2015-03-16T13:46:16.222Z - info: Consumer Callbacks: { onConnect: null,
  onData: [Function: brokerConsumerDataCb],
  onEnd: null,
  onTimeout: null,
  onDrain: null,
  onError: null,
  onClose: null }
2015-03-16T13:46:16.222Z - info: Connecting to 127.0.0.1:3323
2015-03-16T13:46:16.222Z - info: Subscribing /sapo/broker/dev/test_node as TOPIC, Acknowledge Mode is null
2015-03-16T13:46:46.796Z - info: Client instantiated
2015-03-16T13:46:46.797Z - info: Initializing client
2015-03-16T13:46:46.797Z - info: Socket created
2015-03-16T13:46:46.797Z - info: Port: 3323
2015-03-16T13:46:46.797Z - info: Host: 127.0.0.1
2015-03-16T13:46:46.799Z - info: Transport Format: protobuf
2015-03-16T13:46:46.799Z - info: Return Format: json
2015-03-16T13:46:46.800Z - info: Consumer Callbacks: { onConnect: null,
  onData: [Function: brokerConsumerDataCb],
  onEnd: null,
  onTimeout: null,
  onDrain: null,
  onError: null,
  onClose: null }
2015-03-16T13:46:46.800Z - info: Connecting to 127.0.0.1:3323
2015-03-16T13:46:46.801Z - info: Subscribing /sapo/broker/dev/test_node as TOPIC, Acknowledge Mode is null
2015-03-16T13:48:44.140Z - info: Client instantiated
2015-03-16T13:48:44.141Z - info: Initializing client
2015-03-16T13:48:44.141Z - info: Socket created
2015-03-16T13:48:44.142Z - info: Port: 3323
2015-03-16T13:48:44.142Z - info: Host: 127.0.0.1
2015-03-16T13:48:44.143Z - info: Transport Format: protobuf
2015-03-16T13:48:44.143Z - info: Return Format: json
2015-03-16T13:48:44.144Z - info: Consumer Callbacks: { onConnect: null,
  onData: [Function: brokerConsumerDataCb],
  onEnd: null,
  onTimeout: null,
  onDrain: null,
  onError: null,
  onClose: null }
2015-03-16T13:48:44.144Z - info: Connecting to 127.0.0.1:3323
2015-03-16T13:48:44.145Z - info: Subscribing /sapo/broker/dev/test_node as TOPIC, Acknowledge Mode is null
2015-03-16T13:49:59.814Z - info: Client instantiated
2015-03-16T13:49:59.814Z - info: Initializing client
2015-03-16T13:49:59.814Z - info: Socket created
2015-03-16T13:49:59.815Z - info: Port: 3323
2015-03-16T13:49:59.815Z - info: Host: 127.0.0.1
2015-03-16T13:49:59.816Z - info: Transport Format: protobuf
2015-03-16T13:49:59.816Z - info: Return Format: json
2015-03-16T13:49:59.817Z - info: Consumer Callbacks: { onConnect: null,
  onData: [Function: brokerConsumerDataCb],
  onEnd: null,
  onTimeout: null,
  onDrain: null,
  onError: null,
  onClose: null }
2015-03-16T13:49:59.817Z - info: Connecting to 127.0.0.1:3323
2015-03-16T13:49:59.818Z - info: Subscribing /sapo/broker/dev/test_node as TOPIC, Acknowledge Mode is null
2015-03-16T13:50:24.268Z - info: Client instantiated
2015-03-16T13:50:24.269Z - info: Initializing client
2015-03-16T13:50:24.269Z - info: Socket created
2015-03-16T13:50:24.270Z - info: Port: 3323
2015-03-16T13:50:24.270Z - info: Host: 127.0.0.1
2015-03-16T13:50:24.271Z - info: Transport Format: protobuf
2015-03-16T13:50:24.271Z - info: Return Format: json
2015-03-16T13:50:24.272Z - info: Consumer Callbacks: { onConnect: null,
  onData: [Function: brokerConsumerDataCb],
  onEnd: null,
  onTimeout: null,
  onDrain: null,
  onError: null,
  onClose: null }
2015-03-16T13:50:24.272Z - info: Connecting to 127.0.0.1:3323
2015-03-16T13:50:24.273Z - info: Subscribing /sapo/broker/dev/test_node as TOPIC, Acknowledge Mode is null
2015-03-16T13:50:57.043Z - info: Client instantiated
2015-03-16T13:50:57.043Z - info: Initializing client
2015-03-16T13:50:57.044Z - info: Socket created
2015-03-16T13:50:57.044Z - info: Port: 3323
2015-03-16T13:50:57.044Z - info: Host: 127.0.0.1
2015-03-16T13:50:57.046Z - info: Transport Format: protobuf
2015-03-16T13:50:57.046Z - info: Return Format: json
2015-03-16T13:50:57.047Z - info: Consumer Callbacks: { onConnect: null,
  onData: [Function: brokerConsumerDataCb],
  onEnd: null,
  onTimeout: null,
  onDrain: null,
  onError: null,
  onClose: null }
2015-03-16T13:50:57.047Z - info: Connecting to 127.0.0.1:3323
2015-03-16T13:50:57.047Z - info: Subscribing /sapo/broker/dev/test_node as TOPIC, Acknowledge Mode is null
2015-03-16T13:52:21.174Z - info: Client instantiated
2015-03-16T13:52:21.175Z - info: Initializing client
2015-03-16T13:52:21.175Z - info: Socket created
2015-03-16T13:52:21.175Z - info: Port: 3323
2015-03-16T13:52:21.175Z - info: Host: 127.0.0.1
2015-03-16T13:52:21.177Z - info: Transport Format: protobuf
2015-03-16T13:52:21.177Z - info: Return Format: json
2015-03-16T13:52:21.178Z - info: Consumer Callbacks: { onConnect: null,
  onData: [Function: brokerConsumerDataCb],
  onEnd: null,
  onTimeout: null,
  onDrain: null,
  onError: null,
  onClose: null }
2015-03-16T13:52:21.178Z - info: Connecting to 127.0.0.1:3323
2015-03-16T13:52:21.178Z - info: Subscribing /sapo/broker/dev/test_node as TOPIC, Acknowledge Mode is null
2015-03-16T13:54:28.235Z - info: Client instantiated
2015-03-16T13:54:28.236Z - info: Initializing client
2015-03-16T13:54:28.236Z - info: Socket created
2015-03-16T13:54:28.236Z - info: Port: 3323
2015-03-16T13:54:28.237Z - info: Host: 127.0.0.1
2015-03-16T13:54:28.238Z - info: Transport Format: protobuf
2015-03-16T13:54:28.238Z - info: Return Format: json
2015-03-16T13:54:28.239Z - info: Consumer Callbacks: { onConnect: null,
  onData: [Function: brokerConsumerDataCb],
  onEnd: null,
  onTimeout: null,
  onDrain: null,
  onError: null,
  onClose: null }
2015-03-16T13:54:28.239Z - info: Connecting to 127.0.0.1:3323
2015-03-16T13:54:28.239Z - info: Subscribing /sapo/broker/dev/test_node as TOPIC, Acknowledge Mode is null
2015-03-16T13:56:23.986Z - info: Client instantiated
2015-03-16T13:56:23.987Z - info: Initializing client
2015-03-16T13:56:23.987Z - info: Socket created
2015-03-16T13:56:23.988Z - info: Port: 3323
2015-03-16T13:56:23.988Z - info: Host: 127.0.0.1
2015-03-16T13:56:23.989Z - info: Transport Format: protobuf
2015-03-16T13:56:23.989Z - info: Return Format: json
2015-03-16T13:56:23.990Z - info: Consumer Callbacks: { onConnect: null,
  onData: [Function: brokerConsumerDataCb],
  onEnd: null,
  onTimeout: null,
  onDrain: null,
  onError: null,
  onClose: null }
2015-03-16T13:56:23.990Z - info: Connecting to 127.0.0.1:3323
2015-03-16T13:56:23.991Z - info: Subscribing /sapo/broker/dev/test_node as TOPIC, Acknowledge Mode is null
2015-03-16T14:36:46.544Z - info: Client instantiated
2015-03-16T14:36:46.544Z - info: Initializing client
2015-03-16T14:36:46.544Z - info: Socket created
2015-03-16T14:36:46.545Z - info: Port: 3323
2015-03-16T14:36:46.545Z - info: Host: 127.0.0.1
2015-03-16T14:36:46.547Z - info: Transport Format: protobuf
2015-03-16T14:36:46.547Z - info: Return Format: json
2015-03-16T14:36:46.548Z - info: Consumer Callbacks: { onConnect: null,
  onData: [Function: brokerConsumerDataCb],
  onEnd: null,
  onTimeout: null,
  onDrain: null,
  onError: null,
  onClose: null }
2015-03-16T14:36:46.548Z - info: Connecting to 127.0.0.1:3323
2015-03-16T14:36:46.548Z - info: Subscribing /sapo/broker/dev/test_node as TOPIC, Acknowledge Mode is null
2015-03-16T14:38:23.769Z - info: Client instantiated
2015-03-16T14:38:23.769Z - info: Initializing client
2015-03-16T14:38:23.770Z - info: Socket created
2015-03-16T14:38:23.770Z - info: Port: 3323
2015-03-16T14:38:23.770Z - info: Host: 127.0.0.1
2015-03-16T14:38:23.772Z - info: Transport Format: protobuf
2015-03-16T14:38:23.772Z - info: Return Format: json
2015-03-16T14:38:23.773Z - info: Consumer Callbacks: { onConnect: null,
  onData: [Function: brokerConsumerDataCb],
  onEnd: null,
  onTimeout: null,
  onDrain: null,
  onError: null,
  onClose: null }
2015-03-16T14:38:23.773Z - info: Connecting to 127.0.0.1:3323
2015-03-16T14:38:23.774Z - info: Subscribing /sapo/broker/dev/test_node as TOPIC, Acknowledge Mode is null
2015-03-16T14:43:52.360Z - info: Client instantiated
2015-03-16T14:43:52.360Z - info: Initializing client
2015-03-16T14:43:52.360Z - info: Socket created
2015-03-16T14:43:52.361Z - info: Port: 3323
2015-03-16T14:43:52.361Z - info: Host: 127.0.0.1
2015-03-16T14:43:52.362Z - info: Transport Format: protobuf
2015-03-16T14:43:52.362Z - info: Return Format: json
2015-03-16T14:43:52.363Z - info: Consumer Callbacks: { onConnect: null,
  onData: [Function: brokerConsumerDataCb],
  onEnd: null,
  onTimeout: null,
  onDrain: null,
  onError: null,
  onClose: null }
2015-03-16T14:43:52.363Z - info: Connecting to 127.0.0.1:3323
2015-03-16T14:43:52.364Z - info: Subscribing /sapo/broker/dev/test_node as TOPIC, Acknowledge Mode is null
2015-03-16T14:50:12.855Z - info: Client instantiated
2015-03-16T14:50:21.719Z - info: Client instantiated
2015-03-16T14:50:35.551Z - info: Client instantiated
2015-03-16T14:50:35.552Z - info: Initializing client
2015-03-16T14:50:35.552Z - info: Socket created
2015-03-16T14:50:35.553Z - info: Port: 3323
2015-03-16T14:50:35.553Z - info: Host: 127.0.0.1
2015-03-16T14:50:35.554Z - info: Transport Format: protobuf
2015-03-16T14:50:35.554Z - info: Return Format: json
2015-03-16T14:50:35.555Z - info: Consumer Callbacks: { onConnect: null,
  onData: [Function: brokerConsumerDataCb],
  onEnd: null,
  onTimeout: null,
  onDrain: null,
  onError: null,
  onClose: null }
2015-03-16T14:50:35.555Z - info: Connecting to 127.0.0.1:3323
2015-03-16T14:50:35.556Z - info: Subscribing /sapo/broker/dev/test_node as TOPIC, Acknowledge Mode is null
2015-03-16T14:51:52.640Z - info: Client instantiated
2015-03-16T14:51:52.640Z - info: Initializing client
2015-03-16T14:51:52.640Z - info: Socket created
2015-03-16T14:51:52.641Z - info: Port: 3323
2015-03-16T14:51:52.641Z - info: Host: 127.0.0.1
2015-03-16T14:51:52.642Z - info: Transport Format: protobuf
2015-03-16T14:51:52.642Z - info: Return Format: json
2015-03-16T14:51:52.643Z - info: Consumer Callbacks: { onConnect: null,
  onData: [Function: brokerConsumerDataCb],
  onEnd: null,
  onTimeout: null,
  onDrain: null,
  onError: null,
  onClose: null }
2015-03-16T14:51:52.643Z - info: Connecting to 127.0.0.1:3323
2015-03-16T14:51:52.644Z - info: Subscribing /sapo/broker/dev/test_node as TOPIC, Acknowledge Mode is null
2015-03-16T14:56:15.208Z - info: Client instantiated
2015-03-16T14:56:15.208Z - info: Initializing client
2015-03-16T14:56:15.208Z - info: Socket created
2015-03-16T14:56:15.209Z - info: Port: 3323
2015-03-16T14:56:15.209Z - info: Host: 127.0.0.1
2015-03-16T14:56:15.210Z - info: Transport Format: protobuf
2015-03-16T14:56:15.210Z - info: Return Format: json
2015-03-16T14:56:15.211Z - info: Consumer Callbacks: { onConnect: null,
  onData: [Function: brokerConsumerDataCb],
  onEnd: null,
  onTimeout: null,
  onDrain: null,
  onError: null,
  onClose: null }
2015-03-16T14:56:15.211Z - info: Connecting to 127.0.0.1:3323
2015-03-16T14:56:15.212Z - info: Subscribing /sapo/broker/dev/test_node as TOPIC, Acknowledge Mode is null
2015-03-16T15:00:40.780Z - info: Client instantiated
2015-03-16T15:00:40.780Z - info: Initializing client
2015-03-16T15:00:40.781Z - info: Socket created
2015-03-16T15:00:40.781Z - info: Port: 3323
2015-03-16T15:00:40.781Z - info: Host: 127.0.0.1
2015-03-16T15:00:40.784Z - info: Transport Format: protobuf
2015-03-16T15:00:40.784Z - info: Return Format: json
2015-03-16T15:00:40.785Z - info: Consumer Callbacks: { onConnect: null,
  onData: [Function: brokerConsumerDataCb],
  onEnd: null,
  onTimeout: null,
  onDrain: null,
  onError: null,
  onClose: null }
2015-03-16T15:00:40.785Z - info: Connecting to 127.0.0.1:3323
2015-03-16T15:00:40.785Z - info: Subscribing /sapo/broker/dev/test_node as TOPIC, Acknowledge Mode is null
2015-03-16T15:02:07.841Z - info: Client instantiated
2015-03-16T15:02:07.842Z - info: Initializing client
2015-03-16T15:02:07.842Z - info: Socket created
2015-03-16T15:02:07.842Z - info: Port: 3323
2015-03-16T15:02:07.842Z - info: Host: 127.0.0.1
2015-03-16T15:02:07.844Z - info: Transport Format: protobuf
2015-03-16T15:02:07.844Z - info: Return Format: json
2015-03-16T15:02:07.844Z - info: Consumer Callbacks: { onConnect: null,
  onData: [Function: brokerConsumerDataCb],
  onEnd: null,
  onTimeout: null,
  onDrain: null,
  onError: null,
  onClose: null }
2015-03-16T15:02:07.845Z - info: Connecting to 127.0.0.1:3323
2015-03-16T15:02:07.845Z - info: Subscribing /sapo/broker/dev/test_node as TOPIC, Acknowledge Mode is null
2015-03-16T15:11:55.168Z - info: Client instantiated
2015-03-16T15:11:55.169Z - info: Initializing client
2015-03-16T15:11:55.169Z - info: Socket created
2015-03-16T15:11:55.170Z - info: Port: 3323
2015-03-16T15:11:55.170Z - info: Host: 127.0.0.1
2015-03-16T15:11:55.171Z - info: Transport Format: protobuf
2015-03-16T15:11:55.171Z - info: Return Format: json
2015-03-16T15:11:55.172Z - info: Consumer Callbacks: { onConnect: null,
  onData: [Function: brokerConsumerDataCb],
  onEnd: null,
  onTimeout: null,
  onDrain: null,
  onError: null,
  onClose: null }
2015-03-16T15:11:55.172Z - info: Connecting to 127.0.0.1:3323
2015-03-16T15:11:55.173Z - info: Subscribing /sapo/broker/dev/test_node as TOPIC, Acknowledge Mode is null
2015-03-16T15:12:46.956Z - info: Client instantiated
2015-03-16T15:12:46.957Z - info: Initializing client
2015-03-16T15:12:46.957Z - info: Socket created
2015-03-16T15:12:46.957Z - info: Port: 3323
2015-03-16T15:12:46.957Z - info: Host: 127.0.0.1
2015-03-16T15:12:46.959Z - info: Transport Format: protobuf
2015-03-16T15:12:46.959Z - info: Return Format: json
2015-03-16T15:12:46.960Z - info: Consumer Callbacks: { onConnect: null,
  onData: [Function: brokerConsumerDataCb],
  onEnd: null,
  onTimeout: null,
  onDrain: null,
  onError: null,
  onClose: null }
2015-03-16T15:12:46.960Z - info: Connecting to 127.0.0.1:3323
2015-03-16T15:12:46.960Z - info: Subscribing /sapo/broker/dev/test_node as TOPIC, Acknowledge Mode is null
2015-03-16T15:13:41.264Z - info: Client instantiated
2015-03-16T15:13:41.265Z - info: Initializing client
2015-03-16T15:13:41.265Z - info: Socket created
2015-03-16T15:13:41.265Z - info: Port: 3323
2015-03-16T15:13:41.265Z - info: Host: 127.0.0.1
2015-03-16T15:13:41.267Z - info: Transport Format: protobuf
2015-03-16T15:13:41.267Z - info: Return Format: json
2015-03-16T15:13:41.268Z - info: Consumer Callbacks: { onConnect: null,
  onData: [Function: brokerConsumerDataCb],
  onEnd: null,
  onTimeout: null,
  onDrain: null,
  onError: null,
  onClose: null }
2015-03-16T15:13:41.268Z - info: Connecting to 127.0.0.1:3323
2015-03-16T15:13:41.268Z - info: Subscribing /sapo/broker/dev/test_node as TOPIC, Acknowledge Mode is null
2015-03-16T15:14:57.805Z - info: Client instantiated
2015-03-16T15:14:57.806Z - info: Initializing client
2015-03-16T15:14:57.806Z - info: Socket created
2015-03-16T15:14:57.806Z - info: Port: 3323
2015-03-16T15:14:57.806Z - info: Host: 127.0.0.1
2015-03-16T15:14:57.808Z - info: Transport Format: protobuf
2015-03-16T15:14:57.808Z - info: Return Format: json
2015-03-16T15:14:57.809Z - info: Consumer Callbacks: { onConnect: null,
  onData: [Function: brokerConsumerDataCb],
  onEnd: null,
  onTimeout: null,
  onDrain: null,
  onError: null,
  onClose: null }
2015-03-16T15:14:57.809Z - info: Connecting to 127.0.0.1:3323
2015-03-16T15:14:57.809Z - info: Subscribing /sapo/broker/dev/test_node as TOPIC, Acknowledge Mode is null
2015-03-16T15:25:37.313Z - info: Client instantiated
2015-03-16T15:25:37.314Z - info: Initializing client
2015-03-16T15:25:37.314Z - info: Socket created
2015-03-16T15:25:37.315Z - info: Port: 3323
2015-03-16T15:25:37.315Z - info: Host: 127.0.0.1
2015-03-16T15:25:37.316Z - info: Transport Format: protobuf
2015-03-16T15:25:37.316Z - info: Return Format: json
2015-03-16T15:25:37.317Z - info: Consumer Callbacks: { onConnect: null,
  onData: [Function: brokerConsumerDataCb],
  onEnd: null,
  onTimeout: null,
  onDrain: null,
  onError: null,
  onClose: null }
2015-03-16T15:25:37.317Z - info: Connecting to 127.0.0.1:3323
2015-03-16T15:25:37.318Z - info: Subscribing /sapo/broker/dev/test_node as TOPIC, Acknowledge Mode is null
2015-03-16T15:32:13.155Z - info: Client instantiated
2015-03-16T15:32:13.155Z - info: Initializing client
2015-03-16T15:32:13.156Z - info: Socket created
2015-03-16T15:32:13.156Z - info: Port: 3323
2015-03-16T15:32:13.156Z - info: Host: 127.0.0.1
2015-03-16T15:32:13.158Z - info: Transport Format: protobuf
2015-03-16T15:32:13.158Z - info: Return Format: json
2015-03-16T15:32:13.159Z - info: Consumer Callbacks: { onConnect: null,
  onData: [Function: brokerConsumerDataCb],
  onEnd: null,
  onTimeout: null,
  onDrain: null,
  onError: null,
  onClose: null }
2015-03-16T15:32:13.159Z - info: Connecting to 127.0.0.1:3323
2015-03-16T15:32:13.160Z - info: Subscribing /sapo/broker/dev/test_node as TOPIC, Acknowledge Mode is null
2015-03-16T15:34:49.210Z - info: Client instantiated
2015-03-16T15:34:49.211Z - info: Initializing client
2015-03-16T15:34:49.211Z - info: Socket created
2015-03-16T15:34:49.212Z - info: Port: 3323
2015-03-16T15:34:49.212Z - info: Host: 127.0.0.1
2015-03-16T15:34:49.213Z - info: Transport Format: protobuf
2015-03-16T15:34:49.213Z - info: Return Format: json
2015-03-16T15:34:49.214Z - info: Consumer Callbacks: { onConnect: null,
  onData: [Function: brokerConsumerDataCb],
  onEnd: null,
  onTimeout: null,
  onDrain: null,
  onError: null,
  onClose: null }
2015-03-16T15:34:49.214Z - info: Connecting to 127.0.0.1:3323
2015-03-16T15:34:49.215Z - info: Subscribing /sapo/broker/dev/test_node as TOPIC, Acknowledge Mode is null
2015-03-16T15:35:54.258Z - info: Client instantiated
2015-03-16T15:35:54.259Z - info: Initializing client
2015-03-16T15:35:54.259Z - info: Socket created
2015-03-16T15:35:54.260Z - info: Port: 3323
2015-03-16T15:35:54.260Z - info: Host: 127.0.0.1
2015-03-16T15:35:54.261Z - info: Transport Format: protobuf
2015-03-16T15:35:54.261Z - info: Return Format: json
2015-03-16T15:35:54.262Z - info: Consumer Callbacks: { onConnect: null,
  onData: [Function: brokerConsumerDataCb],
  onEnd: null,
  onTimeout: null,
  onDrain: null,
  onError: null,
  onClose: null }
2015-03-16T15:35:54.262Z - info: Connecting to 127.0.0.1:3323
2015-03-16T15:35:54.263Z - info: Subscribing /sapo/broker/dev/test_node as TOPIC, Acknowledge Mode is null
2015-03-16T15:36:47.700Z - info: Client instantiated
2015-03-16T15:36:47.701Z - info: Initializing client
2015-03-16T15:36:47.701Z - info: Socket created
2015-03-16T15:36:47.702Z - info: Port: 3323
2015-03-16T15:36:47.702Z - info: Host: 127.0.0.1
2015-03-16T15:36:47.703Z - info: Transport Format: protobuf
2015-03-16T15:36:47.703Z - info: Return Format: json
2015-03-16T15:36:47.704Z - info: Consumer Callbacks: { onConnect: null,
  onData: [Function: brokerConsumerDataCb],
  onEnd: null,
  onTimeout: null,
  onDrain: null,
  onError: null,
  onClose: null }
2015-03-16T15:36:47.704Z - info: Connecting to 127.0.0.1:3323
2015-03-16T15:36:47.705Z - info: Subscribing /sapo/broker/dev/test_node as TOPIC, Acknowledge Mode is null
2015-03-16T15:38:44.666Z - info: Client instantiated
2015-03-16T15:38:44.666Z - info: Initializing client
2015-03-16T15:38:44.666Z - info: Socket created
2015-03-16T15:38:44.667Z - info: Port: 3323
2015-03-16T15:38:44.667Z - info: Host: 127.0.0.1
2015-03-16T15:38:44.668Z - info: Transport Format: protobuf
2015-03-16T15:38:44.668Z - info: Return Format: json
2015-03-16T15:38:44.669Z - info: Consumer Callbacks: { onConnect: null,
  onData: [Function: brokerConsumerDataCb],
  onEnd: null,
  onTimeout: null,
  onDrain: null,
  onError: null,
  onClose: null }
2015-03-16T15:38:44.669Z - info: Connecting to 127.0.0.1:3323
2015-03-16T15:38:44.670Z - info: Subscribing /sapo/broker/dev/test_node as TOPIC, Acknowledge Mode is null
2015-03-16T15:39:33.066Z - info: Client instantiated
2015-03-16T15:39:33.067Z - info: Initializing client
2015-03-16T15:39:33.067Z - info: Socket created
2015-03-16T15:39:33.067Z - info: Port: 3323
2015-03-16T15:39:33.067Z - info: Host: 127.0.0.1
2015-03-16T15:39:33.069Z - info: Transport Format: protobuf
2015-03-16T15:39:33.069Z - info: Return Format: json
2015-03-16T15:39:33.070Z - info: Consumer Callbacks: { onConnect: null,
  onData: [Function: brokerConsumerDataCb],
  onEnd: null,
  onTimeout: null,
  onDrain: null,
  onError: null,
  onClose: null }
2015-03-16T15:39:33.070Z - info: Connecting to 127.0.0.1:3323
2015-03-16T15:39:33.070Z - info: Subscribing /sapo/broker/dev/test_node as TOPIC, Acknowledge Mode is null
2015-03-16T15:40:29.451Z - info: Client instantiated
2015-03-16T15:40:29.451Z - info: Initializing client
2015-03-16T15:40:29.451Z - info: Socket created
2015-03-16T15:40:29.452Z - info: Port: 3323
2015-03-16T15:40:29.452Z - info: Host: 127.0.0.1
2015-03-16T15:40:29.453Z - info: Transport Format: protobuf
2015-03-16T15:40:29.453Z - info: Return Format: json
2015-03-16T15:40:29.454Z - info: Consumer Callbacks: { onConnect: null,
  onData: [Function: brokerConsumerDataCb],
  onEnd: null,
  onTimeout: null,
  onDrain: null,
  onError: null,
  onClose: null }
2015-03-16T15:40:29.454Z - info: Connecting to 127.0.0.1:3323
2015-03-16T15:40:29.455Z - info: Subscribing /sapo/broker/dev/test_node as TOPIC, Acknowledge Mode is null
2015-03-16T15:41:49.465Z - info: Client instantiated
2015-03-16T15:41:49.466Z - info: Initializing client
2015-03-16T15:41:49.466Z - info: Socket created
2015-03-16T15:41:49.467Z - info: Port: 3323
2015-03-16T15:41:49.467Z - info: Host: 127.0.0.1
2015-03-16T15:41:49.468Z - info: Transport Format: protobuf
2015-03-16T15:41:49.468Z - info: Return Format: json
2015-03-16T15:41:49.469Z - info: Consumer Callbacks: { onConnect: null,
  onData: [Function: brokerConsumerDataCb],
  onEnd: null,
  onTimeout: null,
  onDrain: null,
  onError: null,
  onClose: null }
2015-03-16T15:41:49.469Z - info: Connecting to 127.0.0.1:3323
2015-03-16T15:41:49.470Z - info: Subscribing /sapo/broker/dev/test_node as TOPIC, Acknowledge Mode is null
2015-03-16T15:42:32.859Z - info: Client instantiated
2015-03-16T15:42:32.860Z - info: Initializing client
2015-03-16T15:42:32.860Z - info: Socket created
2015-03-16T15:42:32.861Z - info: Port: 3323
2015-03-16T15:42:32.861Z - info: Host: 127.0.0.1
2015-03-16T15:42:32.863Z - info: Transport Format: protobuf
2015-03-16T15:42:32.863Z - info: Return Format: json
2015-03-16T15:42:32.864Z - info: Consumer Callbacks: { onConnect: null,
  onData: [Function: brokerConsumerDataCb],
  onEnd: null,
  onTimeout: null,
  onDrain: null,
  onError: null,
  onClose: null }
2015-03-16T15:42:32.864Z - info: Connecting to 127.0.0.1:3323
2015-03-16T15:42:32.865Z - info: Subscribing /sapo/broker/dev/test_node as TOPIC, Acknowledge Mode is null
2015-03-16T15:44:03.539Z - info: Client instantiated
2015-03-16T15:44:03.540Z - info: Initializing client
2015-03-16T15:44:03.540Z - info: Socket created
2015-03-16T15:44:03.540Z - info: Port: 3323
2015-03-16T15:44:03.540Z - info: Host: 127.0.0.1
2015-03-16T15:44:03.542Z - info: Transport Format: protobuf
2015-03-16T15:44:03.542Z - info: Return Format: json
2015-03-16T15:44:03.543Z - info: Consumer Callbacks: { onConnect: null,
  onData: [Function: brokerConsumerDataCb],
  onEnd: null,
  onTimeout: null,
  onDrain: null,
  onError: null,
  onClose: null }
2015-03-16T15:44:03.543Z - info: Connecting to 127.0.0.1:3323
2015-03-16T15:44:03.544Z - info: Subscribing /sapo/broker/dev/test_node as TOPIC, Acknowledge Mode is null
2015-03-16T15:45:01.657Z - info: Client instantiated
2015-03-16T15:45:01.658Z - info: Initializing client
2015-03-16T15:45:01.658Z - info: Socket created
2015-03-16T15:45:01.658Z - info: Port: 3323
2015-03-16T15:45:01.658Z - info: Host: 127.0.0.1
2015-03-16T15:45:01.660Z - info: Transport Format: protobuf
2015-03-16T15:45:01.660Z - info: Return Format: json
2015-03-16T15:45:01.661Z - info: Consumer Callbacks: { onConnect: null,
  onData: [Function: brokerConsumerDataCb],
  onEnd: null,
  onTimeout: null,
  onDrain: null,
  onError: null,
  onClose: null }
2015-03-16T15:45:01.661Z - info: Connecting to 127.0.0.1:3323
2015-03-16T15:45:01.661Z - info: Subscribing /sapo/broker/dev/test_node as TOPIC, Acknowledge Mode is null
2015-03-16T15:51:05.418Z - info: Client instantiated
2015-03-16T15:51:05.419Z - info: Initializing client
2015-03-16T15:51:05.419Z - info: Socket created
2015-03-16T15:51:05.419Z - info: Port: 3323
2015-03-16T15:51:05.419Z - info: Host: 127.0.0.1
2015-03-16T15:51:05.421Z - info: Transport Format: protobuf
2015-03-16T15:51:05.421Z - info: Return Format: json
2015-03-16T15:51:05.422Z - info: Consumer Callbacks: { onConnect: null,
  onData: [Function: brokerConsumerDataCb],
  onEnd: null,
  onTimeout: null,
  onDrain: null,
  onError: null,
  onClose: null }
2015-03-16T15:51:05.422Z - info: Connecting to 127.0.0.1:3323
2015-03-16T15:51:05.422Z - info: Subscribing /sapo/broker/dev/test_node as TOPIC, Acknowledge Mode is null
2015-03-16T15:51:55.107Z - info: Client instantiated
2015-03-16T15:51:55.108Z - info: Initializing client
2015-03-16T15:51:55.108Z - info: Socket created
2015-03-16T15:51:55.109Z - info: Port: 3323
2015-03-16T15:51:55.109Z - info: Host: 127.0.0.1
2015-03-16T15:51:55.110Z - info: Transport Format: protobuf
2015-03-16T15:51:55.110Z - info: Return Format: json
2015-03-16T15:51:55.111Z - info: Consumer Callbacks: { onConnect: null,
  onData: [Function: brokerConsumerDataCb],
  onEnd: null,
  onTimeout: null,
  onDrain: null,
  onError: null,
  onClose: null }
2015-03-16T15:51:55.111Z - info: Connecting to 127.0.0.1:3323
2015-03-16T15:51:55.112Z - info: Subscribing /sapo/broker/dev/test_node as TOPIC, Acknowledge Mode is null
2015-03-16T16:34:06.373Z - info: Client instantiated
2015-03-16T16:34:06.374Z - info: Initializing client
2015-03-16T16:34:06.374Z - info: Socket created
2015-03-16T16:34:06.374Z - info: Port: 3323
2015-03-16T16:34:06.374Z - info: Host: localhost
2015-03-16T16:34:06.376Z - info: Transport Format: protobuf
2015-03-16T16:34:06.376Z - info: Return Format: json
2015-03-16T16:34:06.376Z - info: Consumer Callbacks: {}
2015-03-16T16:34:06.376Z - info: Connecting to localhost:3323
2015-03-16T16:35:12.525Z - info: Client instantiated
2015-03-16T16:35:12.526Z - info: Initializing client
2015-03-16T16:35:12.526Z - info: Socket created
2015-03-16T16:35:12.527Z - info: Port: 3323
2015-03-16T16:35:12.527Z - info: Host: localhost
2015-03-16T16:35:12.528Z - info: Transport Format: protobuf
2015-03-16T16:35:12.528Z - info: Return Format: json
2015-03-16T16:35:12.528Z - info: Consumer Callbacks: {}
2015-03-16T16:35:12.528Z - info: Connecting to localhost:3323
2015-03-16T16:38:49.358Z - info: Client instantiated
2015-03-16T16:41:16.927Z - info: Client instantiated
2015-03-16T16:41:16.928Z - info: Initializing client
2015-03-16T16:41:16.928Z - info: Socket created
2015-03-16T16:41:16.928Z - info: Port: 3323
2015-03-16T16:41:16.928Z - info: Host: localhost
2015-03-16T16:41:16.930Z - info: Transport Format: protobuf
2015-03-16T16:41:16.930Z - info: Return Format: json
2015-03-16T16:41:16.931Z - info: Consumer Callbacks: { onConnect: [Function: publishMessages] }
2015-03-16T16:41:16.931Z - info: Connecting to localhost:3323
2015-03-16T16:42:48.664Z - info: Client instantiated
2015-03-16T16:42:48.665Z - info: Initializing client
2015-03-16T16:42:48.665Z - info: Socket created
2015-03-16T16:42:48.665Z - info: Port: 3323
2015-03-16T16:42:48.665Z - info: Host: localhost
2015-03-16T16:42:48.667Z - info: Transport Format: protobuf
2015-03-16T16:42:48.667Z - info: Return Format: json
2015-03-16T16:42:48.668Z - info: Consumer Callbacks: { onConnect: [Function: publishMessages] }
2015-03-16T16:42:48.668Z - info: Connecting to localhost:3323
2015-03-16T16:43:13.126Z - info: Client instantiated
2015-03-16T16:43:13.126Z - info: Initializing client
2015-03-16T16:43:13.126Z - info: Socket created
2015-03-16T16:43:13.127Z - info: Port: 3323
2015-03-16T16:43:13.127Z - info: Host: localhost
2015-03-16T16:43:13.128Z - info: Transport Format: protobuf
2015-03-16T16:43:13.128Z - info: Return Format: json
2015-03-16T16:43:13.129Z - info: Consumer Callbacks: { onConnect: [Function: publishMessages] }
2015-03-16T16:43:13.129Z - info: Connecting to localhost:3323
2015-03-16T16:43:50.534Z - info: Client instantiated
2015-03-16T16:43:50.534Z - info: Initializing client
2015-03-16T16:43:50.535Z - info: Socket created
2015-03-16T16:43:50.535Z - info: Port: 3323
2015-03-16T16:43:50.535Z - info: Host: localhost
2015-03-16T16:43:50.537Z - info: Transport Format: protobuf
2015-03-16T16:43:50.537Z - info: Return Format: json
2015-03-16T16:43:50.537Z - info: Consumer Callbacks: { onConnect: [Function: publishMessages] }
2015-03-16T16:43:50.538Z - info: Connecting to localhost:3323
2015-03-16T16:44:44.902Z - info: Client instantiated
2015-03-16T16:44:44.903Z - info: Initializing client
2015-03-16T16:44:44.903Z - info: Socket created
2015-03-16T16:44:44.904Z - info: Port: 3323
2015-03-16T16:44:44.904Z - info: Host: localhost
2015-03-16T16:44:44.905Z - info: Transport Format: protobuf
2015-03-16T16:44:44.905Z - info: Return Format: json
2015-03-16T16:44:44.906Z - info: Consumer Callbacks: { onConnect: [Function: publishMessages] }
2015-03-16T16:44:44.906Z - info: Connecting to localhost:3323
2015-03-16T16:45:15.118Z - info: Client instantiated
2015-03-16T16:45:15.120Z - info: Initializing client
2015-03-16T16:45:15.120Z - info: Socket created
2015-03-16T16:45:15.120Z - info: Port: 3323
2015-03-16T16:45:15.120Z - info: Host: localhost
2015-03-16T16:45:15.122Z - info: Transport Format: protobuf
2015-03-16T16:45:15.122Z - info: Return Format: json
2015-03-16T16:45:15.123Z - info: Consumer Callbacks: { onConnect: [Function: publishMessages] }
2015-03-16T16:45:15.123Z - info: Connecting to localhost:3323
2015-03-16T16:46:05.902Z - info: Client instantiated
2015-03-16T16:46:05.902Z - info: Initializing client
2015-03-16T16:46:05.903Z - info: Socket created
2015-03-16T16:46:05.903Z - info: Port: 3323
2015-03-16T16:46:05.903Z - info: Host: localhost
2015-03-16T16:46:05.905Z - info: Transport Format: protobuf
2015-03-16T16:46:05.905Z - info: Return Format: json
2015-03-16T16:46:05.905Z - info: Consumer Callbacks: { onConnect: [Function: publishMessages] }
2015-03-16T16:46:05.905Z - info: Connecting to localhost:3323
2015-03-16T17:00:50.246Z - info: Client instantiated
2015-03-16T17:01:03.287Z - info: Client instantiated
